[0.054s] DEBUG:colcon:Command line arguments: ['/usr/bin/colcon', 'build']
[0.054s] DEBUG:colcon:Parsed command line arguments: Namespace(log_base=None, log_level=None, verb_name='build', build_base='build', install_base='install', merge_install=False, symlink_install=False, test_result_base=None, continue_on_error=False, executor='parallel', parallel_workers=32, event_handlers=None, ignore_user_meta=False, metas=['./colcon.meta'], base_paths=['.'], packages_ignore=None, packages_ignore_regex=None, paths=None, packages_up_to=None, packages_up_to_regex=None, packages_above=None, packages_above_and_dependencies=None, packages_above_depth=None, packages_select_by_dep=None, packages_skip_by_dep=None, packages_skip_up_to=None, packages_select_build_failed=False, packages_skip_build_finished=False, packages_select_test_failures=False, packages_skip_test_passed=False, packages_select=None, packages_skip=None, packages_select_regex=None, packages_skip_regex=None, packages_start=None, packages_end=None, cmake_args=None, cmake_target=None, cmake_target_skip_unavailable=False, cmake_clean_cache=False, cmake_clean_first=False, cmake_force_configure=False, ament_cmake_args=None, catkin_cmake_args=None, catkin_skip_building_tests=False, verb_parser=<colcon_defaults.argument_parser.defaults.DefaultArgumentsDecorator object at 0x75410cb8fa40>, verb_extension=<colcon_core.verb.build.BuildVerb object at 0x75410cb8f200>, main=<bound method BuildVerb.main of <colcon_core.verb.build.BuildVerb object at 0x75410cb8f200>>)
[0.081s] Level 1:colcon.colcon_core.package_discovery:discover_packages(colcon_meta) check parameters
[0.081s] Level 1:colcon.colcon_core.package_discovery:discover_packages(recursive) check parameters
[0.081s] Level 1:colcon.colcon_core.package_discovery:discover_packages(ignore) check parameters
[0.081s] Level 1:colcon.colcon_core.package_discovery:discover_packages(path) check parameters
[0.081s] Level 1:colcon.colcon_core.package_discovery:discover_packages(colcon_meta) discover
[0.081s] Level 1:colcon.colcon_core.package_discovery:discover_packages(recursive) discover
[0.081s] INFO:colcon.colcon_core.package_discovery:Crawling recursively for packages in '/root/ros2_control_bug_example'
[0.081s] Level 1:colcon.colcon_core.package_identification:_identify(.) by extensions ['ignore', 'ignore_ament_install']
[0.081s] Level 1:colcon.colcon_core.package_identification:_identify(.) by extension 'ignore'
[0.081s] Level 1:colcon.colcon_core.package_identification:_identify(.) by extension 'ignore_ament_install'
[0.081s] Level 1:colcon.colcon_core.package_identification:_identify(.) by extensions ['colcon_pkg']
[0.081s] Level 1:colcon.colcon_core.package_identification:_identify(.) by extension 'colcon_pkg'
[0.081s] Level 1:colcon.colcon_core.package_identification:_identify(.) by extensions ['colcon_meta']
[0.081s] Level 1:colcon.colcon_core.package_identification:_identify(.) by extension 'colcon_meta'
[0.081s] Level 1:colcon.colcon_core.package_identification:_identify(.) by extensions ['ros']
[0.081s] Level 1:colcon.colcon_core.package_identification:_identify(.) by extension 'ros'
[0.097s] Level 1:colcon.colcon_core.package_identification:_identify(.) by extensions ['cmake', 'python']
[0.097s] Level 1:colcon.colcon_core.package_identification:_identify(.) by extension 'cmake'
[0.097s] Level 1:colcon.colcon_core.package_identification:_identify(.) by extension 'python'
[0.097s] Level 1:colcon.colcon_core.package_identification:_identify(.) by extensions ['python_setup_py']
[0.097s] Level 1:colcon.colcon_core.package_identification:_identify(.) by extension 'python_setup_py'
[0.097s] Level 1:colcon.colcon_core.package_identification:_identify(build) by extensions ['ignore', 'ignore_ament_install']
[0.097s] Level 1:colcon.colcon_core.package_identification:_identify(build) by extension 'ignore'
[0.097s] Level 1:colcon.colcon_core.package_identification:_identify(build) ignored
[0.097s] Level 1:colcon.colcon_core.package_identification:_identify(docker) by extensions ['ignore', 'ignore_ament_install']
[0.097s] Level 1:colcon.colcon_core.package_identification:_identify(docker) by extension 'ignore'
[0.097s] Level 1:colcon.colcon_core.package_identification:_identify(docker) by extension 'ignore_ament_install'
[0.097s] Level 1:colcon.colcon_core.package_identification:_identify(docker) by extensions ['colcon_pkg']
[0.097s] Level 1:colcon.colcon_core.package_identification:_identify(docker) by extension 'colcon_pkg'
[0.097s] Level 1:colcon.colcon_core.package_identification:_identify(docker) by extensions ['colcon_meta']
[0.097s] Level 1:colcon.colcon_core.package_identification:_identify(docker) by extension 'colcon_meta'
[0.097s] Level 1:colcon.colcon_core.package_identification:_identify(docker) by extensions ['ros']
[0.097s] Level 1:colcon.colcon_core.package_identification:_identify(docker) by extension 'ros'
[0.097s] Level 1:colcon.colcon_core.package_identification:_identify(docker) by extensions ['cmake', 'python']
[0.097s] Level 1:colcon.colcon_core.package_identification:_identify(docker) by extension 'cmake'
[0.097s] Level 1:colcon.colcon_core.package_identification:_identify(docker) by extension 'python'
[0.097s] Level 1:colcon.colcon_core.package_identification:_identify(docker) by extensions ['python_setup_py']
[0.097s] Level 1:colcon.colcon_core.package_identification:_identify(docker) by extension 'python_setup_py'
[0.097s] Level 1:colcon.colcon_core.package_identification:_identify(docker/ros-example-env) by extensions ['ignore', 'ignore_ament_install']
[0.097s] Level 1:colcon.colcon_core.package_identification:_identify(docker/ros-example-env) by extension 'ignore'
[0.097s] Level 1:colcon.colcon_core.package_identification:_identify(docker/ros-example-env) by extension 'ignore_ament_install'
[0.097s] Level 1:colcon.colcon_core.package_identification:_identify(docker/ros-example-env) by extensions ['colcon_pkg']
[0.097s] Level 1:colcon.colcon_core.package_identification:_identify(docker/ros-example-env) by extension 'colcon_pkg'
[0.097s] Level 1:colcon.colcon_core.package_identification:_identify(docker/ros-example-env) by extensions ['colcon_meta']
[0.097s] Level 1:colcon.colcon_core.package_identification:_identify(docker/ros-example-env) by extension 'colcon_meta'
[0.097s] Level 1:colcon.colcon_core.package_identification:_identify(docker/ros-example-env) by extensions ['ros']
[0.097s] Level 1:colcon.colcon_core.package_identification:_identify(docker/ros-example-env) by extension 'ros'
[0.097s] Level 1:colcon.colcon_core.package_identification:_identify(docker/ros-example-env) by extensions ['cmake', 'python']
[0.097s] Level 1:colcon.colcon_core.package_identification:_identify(docker/ros-example-env) by extension 'cmake'
[0.097s] Level 1:colcon.colcon_core.package_identification:_identify(docker/ros-example-env) by extension 'python'
[0.097s] Level 1:colcon.colcon_core.package_identification:_identify(docker/ros-example-env) by extensions ['python_setup_py']
[0.097s] Level 1:colcon.colcon_core.package_identification:_identify(docker/ros-example-env) by extension 'python_setup_py'
[0.098s] Level 1:colcon.colcon_core.package_identification:_identify(external) by extensions ['ignore', 'ignore_ament_install']
[0.098s] Level 1:colcon.colcon_core.package_identification:_identify(external) by extension 'ignore'
[0.098s] Level 1:colcon.colcon_core.package_identification:_identify(external) by extension 'ignore_ament_install'
[0.098s] Level 1:colcon.colcon_core.package_identification:_identify(external) by extensions ['colcon_pkg']
[0.098s] Level 1:colcon.colcon_core.package_identification:_identify(external) by extension 'colcon_pkg'
[0.098s] Level 1:colcon.colcon_core.package_identification:_identify(external) by extensions ['colcon_meta']
[0.098s] Level 1:colcon.colcon_core.package_identification:_identify(external) by extension 'colcon_meta'
[0.098s] Level 1:colcon.colcon_core.package_identification:_identify(external) by extensions ['ros']
[0.098s] Level 1:colcon.colcon_core.package_identification:_identify(external) by extension 'ros'
[0.098s] Level 1:colcon.colcon_core.package_identification:_identify(external) by extensions ['cmake', 'python']
[0.098s] Level 1:colcon.colcon_core.package_identification:_identify(external) by extension 'cmake'
[0.098s] Level 1:colcon.colcon_core.package_identification:_identify(external) by extension 'python'
[0.098s] Level 1:colcon.colcon_core.package_identification:_identify(external) by extensions ['python_setup_py']
[0.098s] Level 1:colcon.colcon_core.package_identification:_identify(external) by extension 'python_setup_py'
[0.098s] Level 1:colcon.colcon_core.package_identification:_identify(external/kr_ros2) by extensions ['ignore', 'ignore_ament_install']
[0.098s] Level 1:colcon.colcon_core.package_identification:_identify(external/kr_ros2) by extension 'ignore'
[0.098s] Level 1:colcon.colcon_core.package_identification:_identify(external/kr_ros2) by extension 'ignore_ament_install'
[0.098s] Level 1:colcon.colcon_core.package_identification:_identify(external/kr_ros2) by extensions ['colcon_pkg']
[0.098s] Level 1:colcon.colcon_core.package_identification:_identify(external/kr_ros2) by extension 'colcon_pkg'
[0.098s] Level 1:colcon.colcon_core.package_identification:_identify(external/kr_ros2) by extensions ['colcon_meta']
[0.098s] Level 1:colcon.colcon_core.package_identification:_identify(external/kr_ros2) by extension 'colcon_meta'
[0.098s] Level 1:colcon.colcon_core.package_identification:_identify(external/kr_ros2) by extensions ['ros']
[0.098s] Level 1:colcon.colcon_core.package_identification:_identify(external/kr_ros2) by extension 'ros'
[0.098s] Level 1:colcon.colcon_core.package_identification:_identify(external/kr_ros2) by extensions ['cmake', 'python']
[0.098s] Level 1:colcon.colcon_core.package_identification:_identify(external/kr_ros2) by extension 'cmake'
[0.098s] Level 1:colcon.colcon_core.package_identification:_identify(external/kr_ros2) by extension 'python'
[0.098s] Level 1:colcon.colcon_core.package_identification:_identify(external/kr_ros2) by extensions ['python_setup_py']
[0.098s] Level 1:colcon.colcon_core.package_identification:_identify(external/kr_ros2) by extension 'python_setup_py'
[0.098s] Level 1:colcon.colcon_core.package_identification:_identify(external/kr_ros2/docs) by extensions ['ignore', 'ignore_ament_install']
[0.098s] Level 1:colcon.colcon_core.package_identification:_identify(external/kr_ros2/docs) by extension 'ignore'
[0.098s] Level 1:colcon.colcon_core.package_identification:_identify(external/kr_ros2/docs) by extension 'ignore_ament_install'
[0.098s] Level 1:colcon.colcon_core.package_identification:_identify(external/kr_ros2/docs) by extensions ['colcon_pkg']
[0.098s] Level 1:colcon.colcon_core.package_identification:_identify(external/kr_ros2/docs) by extension 'colcon_pkg'
[0.098s] Level 1:colcon.colcon_core.package_identification:_identify(external/kr_ros2/docs) by extensions ['colcon_meta']
[0.098s] Level 1:colcon.colcon_core.package_identification:_identify(external/kr_ros2/docs) by extension 'colcon_meta'
[0.098s] Level 1:colcon.colcon_core.package_identification:_identify(external/kr_ros2/docs) by extensions ['ros']
[0.098s] Level 1:colcon.colcon_core.package_identification:_identify(external/kr_ros2/docs) by extension 'ros'
[0.098s] Level 1:colcon.colcon_core.package_identification:_identify(external/kr_ros2/docs) by extensions ['cmake', 'python']
[0.098s] Level 1:colcon.colcon_core.package_identification:_identify(external/kr_ros2/docs) by extension 'cmake'
[0.098s] Level 1:colcon.colcon_core.package_identification:_identify(external/kr_ros2/docs) by extension 'python'
[0.098s] Level 1:colcon.colcon_core.package_identification:_identify(external/kr_ros2/docs) by extensions ['python_setup_py']
[0.098s] Level 1:colcon.colcon_core.package_identification:_identify(external/kr_ros2/docs) by extension 'python_setup_py'
[0.098s] Level 1:colcon.colcon_core.package_identification:_identify(external/kr_ros2/docs/images) by extensions ['ignore', 'ignore_ament_install']
[0.098s] Level 1:colcon.colcon_core.package_identification:_identify(external/kr_ros2/docs/images) by extension 'ignore'
[0.098s] Level 1:colcon.colcon_core.package_identification:_identify(external/kr_ros2/docs/images) by extension 'ignore_ament_install'
[0.099s] Level 1:colcon.colcon_core.package_identification:_identify(external/kr_ros2/docs/images) by extensions ['colcon_pkg']
[0.099s] Level 1:colcon.colcon_core.package_identification:_identify(external/kr_ros2/docs/images) by extension 'colcon_pkg'
[0.099s] Level 1:colcon.colcon_core.package_identification:_identify(external/kr_ros2/docs/images) by extensions ['colcon_meta']
[0.099s] Level 1:colcon.colcon_core.package_identification:_identify(external/kr_ros2/docs/images) by extension 'colcon_meta'
[0.099s] Level 1:colcon.colcon_core.package_identification:_identify(external/kr_ros2/docs/images) by extensions ['ros']
[0.099s] Level 1:colcon.colcon_core.package_identification:_identify(external/kr_ros2/docs/images) by extension 'ros'
[0.099s] Level 1:colcon.colcon_core.package_identification:_identify(external/kr_ros2/docs/images) by extensions ['cmake', 'python']
[0.099s] Level 1:colcon.colcon_core.package_identification:_identify(external/kr_ros2/docs/images) by extension 'cmake'
[0.099s] Level 1:colcon.colcon_core.package_identification:_identify(external/kr_ros2/docs/images) by extension 'python'
[0.099s] Level 1:colcon.colcon_core.package_identification:_identify(external/kr_ros2/docs/images) by extensions ['python_setup_py']
[0.099s] Level 1:colcon.colcon_core.package_identification:_identify(external/kr_ros2/docs/images) by extension 'python_setup_py'
[0.099s] Level 1:colcon.colcon_core.package_identification:_identify(external/kr_ros2/kr_robot_description) by extensions ['ignore', 'ignore_ament_install']
[0.099s] Level 1:colcon.colcon_core.package_identification:_identify(external/kr_ros2/kr_robot_description) by extension 'ignore'
[0.099s] Level 1:colcon.colcon_core.package_identification:_identify(external/kr_ros2/kr_robot_description) by extension 'ignore_ament_install'
[0.099s] Level 1:colcon.colcon_core.package_identification:_identify(external/kr_ros2/kr_robot_description) by extensions ['colcon_pkg']
[0.099s] Level 1:colcon.colcon_core.package_identification:_identify(external/kr_ros2/kr_robot_description) by extension 'colcon_pkg'
[0.099s] Level 1:colcon.colcon_core.package_identification:_identify(external/kr_ros2/kr_robot_description) by extensions ['colcon_meta']
[0.099s] Level 1:colcon.colcon_core.package_identification:_identify(external/kr_ros2/kr_robot_description) by extension 'colcon_meta'
[0.099s] Level 1:colcon.colcon_core.package_identification:_identify(external/kr_ros2/kr_robot_description) by extensions ['ros']
[0.099s] Level 1:colcon.colcon_core.package_identification:_identify(external/kr_ros2/kr_robot_description) by extension 'ros'
[0.101s] DEBUG:colcon.colcon_core.package_identification:Package 'external/kr_ros2/kr_robot_description' with type 'ros.ament_cmake' and name 'kr_robot_description'
[0.101s] Level 1:colcon.colcon_core.package_identification:_identify(external/kr_ros2/kr_robot_driver) by extensions ['ignore', 'ignore_ament_install']
[0.101s] Level 1:colcon.colcon_core.package_identification:_identify(external/kr_ros2/kr_robot_driver) by extension 'ignore'
[0.101s] Level 1:colcon.colcon_core.package_identification:_identify(external/kr_ros2/kr_robot_driver) by extension 'ignore_ament_install'
[0.101s] Level 1:colcon.colcon_core.package_identification:_identify(external/kr_ros2/kr_robot_driver) by extensions ['colcon_pkg']
[0.101s] Level 1:colcon.colcon_core.package_identification:_identify(external/kr_ros2/kr_robot_driver) by extension 'colcon_pkg'
[0.101s] Level 1:colcon.colcon_core.package_identification:_identify(external/kr_ros2/kr_robot_driver) by extensions ['colcon_meta']
[0.101s] Level 1:colcon.colcon_core.package_identification:_identify(external/kr_ros2/kr_robot_driver) by extension 'colcon_meta'
[0.101s] Level 1:colcon.colcon_core.package_identification:_identify(external/kr_ros2/kr_robot_driver) by extensions ['ros']
[0.101s] Level 1:colcon.colcon_core.package_identification:_identify(external/kr_ros2/kr_robot_driver) by extension 'ros'
[0.102s] DEBUG:colcon.colcon_core.package_identification:Package 'external/kr_ros2/kr_robot_driver' with type 'ros.ament_cmake' and name 'kr_robot_driver'
[0.102s] Level 1:colcon.colcon_core.package_identification:_identify(install) by extensions ['ignore', 'ignore_ament_install']
[0.102s] Level 1:colcon.colcon_core.package_identification:_identify(install) by extension 'ignore'
[0.102s] Level 1:colcon.colcon_core.package_identification:_identify(install) ignored
[0.102s] Level 1:colcon.colcon_core.package_identification:_identify(log) by extensions ['ignore', 'ignore_ament_install']
[0.102s] Level 1:colcon.colcon_core.package_identification:_identify(log) by extension 'ignore'
[0.102s] Level 1:colcon.colcon_core.package_identification:_identify(log) ignored
[0.102s] Level 1:colcon.colcon_core.package_identification:_identify(src) by extensions ['ignore', 'ignore_ament_install']
[0.102s] Level 1:colcon.colcon_core.package_identification:_identify(src) by extension 'ignore'
[0.102s] Level 1:colcon.colcon_core.package_identification:_identify(src) by extension 'ignore_ament_install'
[0.102s] Level 1:colcon.colcon_core.package_identification:_identify(src) by extensions ['colcon_pkg']
[0.102s] Level 1:colcon.colcon_core.package_identification:_identify(src) by extension 'colcon_pkg'
[0.102s] Level 1:colcon.colcon_core.package_identification:_identify(src) by extensions ['colcon_meta']
[0.102s] Level 1:colcon.colcon_core.package_identification:_identify(src) by extension 'colcon_meta'
[0.102s] Level 1:colcon.colcon_core.package_identification:_identify(src) by extensions ['ros']
[0.102s] Level 1:colcon.colcon_core.package_identification:_identify(src) by extension 'ros'
[0.102s] Level 1:colcon.colcon_core.package_identification:_identify(src) by extensions ['cmake', 'python']
[0.102s] Level 1:colcon.colcon_core.package_identification:_identify(src) by extension 'cmake'
[0.102s] Level 1:colcon.colcon_core.package_identification:_identify(src) by extension 'python'
[0.102s] Level 1:colcon.colcon_core.package_identification:_identify(src) by extensions ['python_setup_py']
[0.102s] Level 1:colcon.colcon_core.package_identification:_identify(src) by extension 'python_setup_py'
[0.102s] Level 1:colcon.colcon_core.package_identification:_identify(src/example_pkg) by extensions ['ignore', 'ignore_ament_install']
[0.102s] Level 1:colcon.colcon_core.package_identification:_identify(src/example_pkg) by extension 'ignore'
[0.102s] Level 1:colcon.colcon_core.package_identification:_identify(src/example_pkg) by extension 'ignore_ament_install'
[0.102s] Level 1:colcon.colcon_core.package_identification:_identify(src/example_pkg) by extensions ['colcon_pkg']
[0.102s] Level 1:colcon.colcon_core.package_identification:_identify(src/example_pkg) by extension 'colcon_pkg'
[0.102s] Level 1:colcon.colcon_core.package_identification:_identify(src/example_pkg) by extensions ['colcon_meta']
[0.102s] Level 1:colcon.colcon_core.package_identification:_identify(src/example_pkg) by extension 'colcon_meta'
[0.102s] Level 1:colcon.colcon_core.package_identification:_identify(src/example_pkg) by extensions ['ros']
[0.102s] Level 1:colcon.colcon_core.package_identification:_identify(src/example_pkg) by extension 'ros'
[0.103s] DEBUG:colcon.colcon_core.package_identification:Package 'src/example_pkg' with type 'ros.ament_cmake' and name 'example_pkg'
[0.103s] Level 1:colcon.colcon_core.package_discovery:discover_packages(recursive) using defaults
[0.103s] Level 1:colcon.colcon_core.package_discovery:discover_packages(ignore) discover
[0.103s] Level 1:colcon.colcon_core.package_discovery:discover_packages(ignore) using defaults
[0.103s] Level 1:colcon.colcon_core.package_discovery:discover_packages(path) discover
[0.103s] Level 1:colcon.colcon_core.package_discovery:discover_packages(path) using defaults
[0.112s] Level 5:colcon.colcon_core.verb:set package 'example_pkg' build argument 'cmake_args' from command line to 'None'
[0.113s] Level 5:colcon.colcon_core.verb:set package 'example_pkg' build argument 'cmake_target' from command line to 'None'
[0.113s] Level 5:colcon.colcon_core.verb:set package 'example_pkg' build argument 'cmake_target_skip_unavailable' from command line to 'False'
[0.113s] Level 5:colcon.colcon_core.verb:set package 'example_pkg' build argument 'cmake_clean_cache' from command line to 'False'
[0.113s] Level 5:colcon.colcon_core.verb:set package 'example_pkg' build argument 'cmake_clean_first' from command line to 'False'
[0.113s] Level 5:colcon.colcon_core.verb:set package 'example_pkg' build argument 'cmake_force_configure' from command line to 'False'
[0.113s] Level 5:colcon.colcon_core.verb:set package 'example_pkg' build argument 'ament_cmake_args' from command line to 'None'
[0.113s] Level 5:colcon.colcon_core.verb:set package 'example_pkg' build argument 'catkin_cmake_args' from command line to 'None'
[0.113s] Level 5:colcon.colcon_core.verb:set package 'example_pkg' build argument 'catkin_skip_building_tests' from command line to 'False'
[0.113s] DEBUG:colcon.colcon_core.verb:Building package 'example_pkg' with the following arguments: {'ament_cmake_args': None, 'build_base': '/root/ros2_control_bug_example/build/example_pkg', 'catkin_cmake_args': None, 'catkin_skip_building_tests': False, 'cmake_args': None, 'cmake_clean_cache': False, 'cmake_clean_first': False, 'cmake_force_configure': False, 'cmake_target': None, 'cmake_target_skip_unavailable': False, 'install_base': '/root/ros2_control_bug_example/install/example_pkg', 'merge_install': False, 'path': '/root/ros2_control_bug_example/src/example_pkg', 'symlink_install': False, 'test_result_base': None}
[0.113s] Level 5:colcon.colcon_core.verb:set package 'kr_robot_description' build argument 'cmake_args' from command line to 'None'
[0.113s] Level 5:colcon.colcon_core.verb:set package 'kr_robot_description' build argument 'cmake_target' from command line to 'None'
[0.113s] Level 5:colcon.colcon_core.verb:set package 'kr_robot_description' build argument 'cmake_target_skip_unavailable' from command line to 'False'
[0.113s] Level 5:colcon.colcon_core.verb:set package 'kr_robot_description' build argument 'cmake_clean_cache' from command line to 'False'
[0.113s] Level 5:colcon.colcon_core.verb:set package 'kr_robot_description' build argument 'cmake_clean_first' from command line to 'False'
[0.113s] Level 5:colcon.colcon_core.verb:set package 'kr_robot_description' build argument 'cmake_force_configure' from command line to 'False'
[0.113s] Level 5:colcon.colcon_core.verb:set package 'kr_robot_description' build argument 'ament_cmake_args' from command line to 'None'
[0.113s] Level 5:colcon.colcon_core.verb:set package 'kr_robot_description' build argument 'catkin_cmake_args' from command line to 'None'
[0.113s] Level 5:colcon.colcon_core.verb:set package 'kr_robot_description' build argument 'catkin_skip_building_tests' from command line to 'False'
[0.113s] DEBUG:colcon.colcon_core.verb:Building package 'kr_robot_description' with the following arguments: {'ament_cmake_args': None, 'build_base': '/root/ros2_control_bug_example/build/kr_robot_description', 'catkin_cmake_args': None, 'catkin_skip_building_tests': False, 'cmake_args': None, 'cmake_clean_cache': False, 'cmake_clean_first': False, 'cmake_force_configure': False, 'cmake_target': None, 'cmake_target_skip_unavailable': False, 'install_base': '/root/ros2_control_bug_example/install/kr_robot_description', 'merge_install': False, 'path': '/root/ros2_control_bug_example/external/kr_ros2/kr_robot_description', 'symlink_install': False, 'test_result_base': None}
[0.113s] Level 5:colcon.colcon_core.verb:set package 'kr_robot_driver' build argument 'cmake_args' from command line to 'None'
[0.113s] Level 5:colcon.colcon_core.verb:set package 'kr_robot_driver' build argument 'cmake_target' from command line to 'None'
[0.113s] Level 5:colcon.colcon_core.verb:set package 'kr_robot_driver' build argument 'cmake_target_skip_unavailable' from command line to 'False'
[0.113s] Level 5:colcon.colcon_core.verb:set package 'kr_robot_driver' build argument 'cmake_clean_cache' from command line to 'False'
[0.113s] Level 5:colcon.colcon_core.verb:set package 'kr_robot_driver' build argument 'cmake_clean_first' from command line to 'False'
[0.113s] Level 5:colcon.colcon_core.verb:set package 'kr_robot_driver' build argument 'cmake_force_configure' from command line to 'False'
[0.113s] Level 5:colcon.colcon_core.verb:set package 'kr_robot_driver' build argument 'ament_cmake_args' from command line to 'None'
[0.113s] Level 5:colcon.colcon_core.verb:set package 'kr_robot_driver' build argument 'catkin_cmake_args' from command line to 'None'
[0.113s] Level 5:colcon.colcon_core.verb:set package 'kr_robot_driver' build argument 'catkin_skip_building_tests' from command line to 'False'
[0.113s] DEBUG:colcon.colcon_core.verb:Building package 'kr_robot_driver' with the following arguments: {'ament_cmake_args': None, 'build_base': '/root/ros2_control_bug_example/build/kr_robot_driver', 'catkin_cmake_args': None, 'catkin_skip_building_tests': False, 'cmake_args': None, 'cmake_clean_cache': False, 'cmake_clean_first': False, 'cmake_force_configure': False, 'cmake_target': None, 'cmake_target_skip_unavailable': False, 'install_base': '/root/ros2_control_bug_example/install/kr_robot_driver', 'merge_install': False, 'path': '/root/ros2_control_bug_example/external/kr_ros2/kr_robot_driver', 'symlink_install': False, 'test_result_base': None}
[0.113s] INFO:colcon.colcon_core.executor:Executing jobs using 'parallel' executor
[0.114s] DEBUG:colcon.colcon_parallel_executor.executor.parallel:run_until_complete
[0.114s] INFO:colcon.colcon_ros.task.ament_cmake.build:Building ROS package in '/root/ros2_control_bug_example/external/kr_ros2/kr_robot_description' with build type 'ament_cmake'
[0.114s] INFO:colcon.colcon_cmake.task.cmake.build:Building CMake package in '/root/ros2_control_bug_example/external/kr_ros2/kr_robot_description'
[0.115s] INFO:colcon.colcon_core.plugin_system:Skipping extension 'colcon_core.shell.bat': Not used on non-Windows systems
[0.116s] INFO:colcon.colcon_core.shell:Skip shell extension 'powershell' for command environment: Not usable outside of PowerShell
[0.116s] DEBUG:colcon.colcon_core.shell:Skip shell extension 'dsv' for command environment
[0.118s] INFO:colcon.colcon_ros.task.ament_cmake.build:Building ROS package in '/root/ros2_control_bug_example/src/example_pkg' with build type 'ament_cmake'
[0.118s] INFO:colcon.colcon_cmake.task.cmake.build:Building CMake package in '/root/ros2_control_bug_example/src/example_pkg'
[0.119s] INFO:colcon.colcon_core.shell:Skip shell extension 'powershell' for command environment: Not usable outside of PowerShell
[0.119s] DEBUG:colcon.colcon_core.shell:Skip shell extension 'dsv' for command environment
[0.123s] DEBUG:colcon.colcon_core.event_handler.log_command:Invoking command in '/root/ros2_control_bug_example/build/kr_robot_description': CMAKE_PREFIX_PATH=${CMAKE_PREFIX_PATH}:/opt/ros/jazzy /usr/bin/cmake /root/ros2_control_bug_example/external/kr_ros2/kr_robot_description -DCMAKE_INSTALL_PREFIX=/root/ros2_control_bug_example/install/kr_robot_description
[0.126s] DEBUG:colcon.colcon_core.event_handler.log_command:Invoking command in '/root/ros2_control_bug_example/build/example_pkg': CMAKE_PREFIX_PATH=${CMAKE_PREFIX_PATH}:/opt/ros/jazzy /usr/bin/cmake /root/ros2_control_bug_example/src/example_pkg -DCMAKE_INSTALL_PREFIX=/root/ros2_control_bug_example/install/example_pkg
[0.918s] DEBUG:colcon.colcon_core.event_handler.log_command:Invoked command in '/root/ros2_control_bug_example/build/kr_robot_description' returned '0': CMAKE_PREFIX_PATH=${CMAKE_PREFIX_PATH}:/opt/ros/jazzy /usr/bin/cmake /root/ros2_control_bug_example/external/kr_ros2/kr_robot_description -DCMAKE_INSTALL_PREFIX=/root/ros2_control_bug_example/install/kr_robot_description
[0.919s] DEBUG:colcon.colcon_core.event_handler.log_command:Invoking command in '/root/ros2_control_bug_example/build/kr_robot_description': CMAKE_PREFIX_PATH=${CMAKE_PREFIX_PATH}:/opt/ros/jazzy /usr/bin/cmake --build /root/ros2_control_bug_example/build/kr_robot_description -- -j32 -l32
[0.958s] DEBUG:colcon.colcon_core.event_handler.log_command:Invoked command in '/root/ros2_control_bug_example/build/kr_robot_description' returned '0': CMAKE_PREFIX_PATH=${CMAKE_PREFIX_PATH}:/opt/ros/jazzy /usr/bin/cmake --build /root/ros2_control_bug_example/build/kr_robot_description -- -j32 -l32
[0.965s] DEBUG:colcon.colcon_core.event_handler.log_command:Invoking command in '/root/ros2_control_bug_example/build/kr_robot_description': CMAKE_PREFIX_PATH=${CMAKE_PREFIX_PATH}:/opt/ros/jazzy /usr/bin/cmake --install /root/ros2_control_bug_example/build/kr_robot_description
[0.993s] Level 1:colcon.colcon_core.environment:create_environment_scripts_only(kr_robot_description)
[0.994s] DEBUG:colcon.colcon_core.event_handler.log_command:Invoked command in '/root/ros2_control_bug_example/build/kr_robot_description' returned '0': CMAKE_PREFIX_PATH=${CMAKE_PREFIX_PATH}:/opt/ros/jazzy /usr/bin/cmake --install /root/ros2_control_bug_example/build/kr_robot_description
[0.996s] Level 1:colcon.colcon_core.environment:checking '/root/ros2_control_bug_example/install/kr_robot_description' for CMake module files
[0.997s] Level 1:colcon.colcon_core.environment:checking '/root/ros2_control_bug_example/install/kr_robot_description' for CMake config files
[0.997s] Level 1:colcon.colcon_core.shell:create_environment_hook('kr_robot_description', 'cmake_prefix_path')
[0.997s] INFO:colcon.colcon_core.shell:Creating environment hook '/root/ros2_control_bug_example/install/kr_robot_description/share/kr_robot_description/hook/cmake_prefix_path.ps1'
[0.998s] INFO:colcon.colcon_core.shell:Creating environment descriptor '/root/ros2_control_bug_example/install/kr_robot_description/share/kr_robot_description/hook/cmake_prefix_path.dsv'
[0.998s] INFO:colcon.colcon_core.shell:Creating environment hook '/root/ros2_control_bug_example/install/kr_robot_description/share/kr_robot_description/hook/cmake_prefix_path.sh'
[1.000s] Level 1:colcon.colcon_core.environment:checking '/root/ros2_control_bug_example/install/kr_robot_description/bin'
[1.000s] Level 1:colcon.colcon_core.environment:checking '/root/ros2_control_bug_example/install/kr_robot_description/lib/pkgconfig/kr_robot_description.pc'
[1.001s] Level 1:colcon.colcon_core.environment:checking '/root/ros2_control_bug_example/install/kr_robot_description/lib/python3.12/site-packages'
[1.001s] Level 1:colcon.colcon_core.environment:checking '/root/ros2_control_bug_example/install/kr_robot_description/bin'
[1.001s] INFO:colcon.colcon_core.shell:Creating package script '/root/ros2_control_bug_example/install/kr_robot_description/share/kr_robot_description/package.ps1'
[1.002s] INFO:colcon.colcon_core.shell:Creating package descriptor '/root/ros2_control_bug_example/install/kr_robot_description/share/kr_robot_description/package.dsv'
[1.002s] INFO:colcon.colcon_core.shell:Creating package script '/root/ros2_control_bug_example/install/kr_robot_description/share/kr_robot_description/package.sh'
[1.002s] INFO:colcon.colcon_core.shell:Creating package script '/root/ros2_control_bug_example/install/kr_robot_description/share/kr_robot_description/package.bash'
[1.003s] INFO:colcon.colcon_core.shell:Creating package script '/root/ros2_control_bug_example/install/kr_robot_description/share/kr_robot_description/package.zsh'
[1.003s] Level 1:colcon.colcon_core.environment:create_file_with_runtime_dependencies(/root/ros2_control_bug_example/install/kr_robot_description/share/colcon-core/packages/kr_robot_description)
[1.003s] Level 1:colcon.colcon_core.environment:create_environment_scripts_only(kr_robot_description)
[1.003s] Level 1:colcon.colcon_core.environment:checking '/root/ros2_control_bug_example/install/kr_robot_description' for CMake module files
[1.004s] Level 1:colcon.colcon_core.environment:checking '/root/ros2_control_bug_example/install/kr_robot_description' for CMake config files
[1.004s] Level 1:colcon.colcon_core.shell:create_environment_hook('kr_robot_description', 'cmake_prefix_path')
[1.004s] INFO:colcon.colcon_core.shell:Creating environment hook '/root/ros2_control_bug_example/install/kr_robot_description/share/kr_robot_description/hook/cmake_prefix_path.ps1'
[1.004s] INFO:colcon.colcon_core.shell:Creating environment descriptor '/root/ros2_control_bug_example/install/kr_robot_description/share/kr_robot_description/hook/cmake_prefix_path.dsv'
[1.004s] INFO:colcon.colcon_core.shell:Creating environment hook '/root/ros2_control_bug_example/install/kr_robot_description/share/kr_robot_description/hook/cmake_prefix_path.sh'
[1.004s] Level 1:colcon.colcon_core.environment:checking '/root/ros2_control_bug_example/install/kr_robot_description/bin'
[1.005s] Level 1:colcon.colcon_core.environment:checking '/root/ros2_control_bug_example/install/kr_robot_description/lib/pkgconfig/kr_robot_description.pc'
[1.005s] Level 1:colcon.colcon_core.environment:checking '/root/ros2_control_bug_example/install/kr_robot_description/lib/python3.12/site-packages'
[1.005s] Level 1:colcon.colcon_core.environment:checking '/root/ros2_control_bug_example/install/kr_robot_description/bin'
[1.005s] INFO:colcon.colcon_core.shell:Creating package script '/root/ros2_control_bug_example/install/kr_robot_description/share/kr_robot_description/package.ps1'
[1.005s] INFO:colcon.colcon_core.shell:Creating package descriptor '/root/ros2_control_bug_example/install/kr_robot_description/share/kr_robot_description/package.dsv'
[1.005s] INFO:colcon.colcon_core.shell:Creating package script '/root/ros2_control_bug_example/install/kr_robot_description/share/kr_robot_description/package.sh'
[1.006s] INFO:colcon.colcon_core.shell:Creating package script '/root/ros2_control_bug_example/install/kr_robot_description/share/kr_robot_description/package.bash'
[1.006s] INFO:colcon.colcon_core.shell:Creating package script '/root/ros2_control_bug_example/install/kr_robot_description/share/kr_robot_description/package.zsh'
[1.006s] Level 1:colcon.colcon_core.environment:create_file_with_runtime_dependencies(/root/ros2_control_bug_example/install/kr_robot_description/share/colcon-core/packages/kr_robot_description)
[1.006s] INFO:colcon.colcon_ros.task.ament_cmake.build:Building ROS package in '/root/ros2_control_bug_example/external/kr_ros2/kr_robot_driver' with build type 'ament_cmake'
[1.006s] INFO:colcon.colcon_cmake.task.cmake.build:Building CMake package in '/root/ros2_control_bug_example/external/kr_ros2/kr_robot_driver'
[1.006s] INFO:colcon.colcon_core.shell:Skip shell extension 'powershell' for command environment: Not usable outside of PowerShell
[1.006s] DEBUG:colcon.colcon_core.shell:Skip shell extension 'dsv' for command environment
[1.014s] DEBUG:colcon.colcon_core.event_handler.log_command:Invoking command in '/root/ros2_control_bug_example/build/kr_robot_driver': AMENT_PREFIX_PATH=/root/ros2_control_bug_example/install/kr_robot_description:${AMENT_PREFIX_PATH} CMAKE_PREFIX_PATH=/root/ros2_control_bug_example/install/kr_robot_description:/opt/ros/jazzy/opt/gz_sim_vendor:/opt/ros/jazzy/opt/gz_sensors_vendor:/opt/ros/jazzy/opt/gz_physics_vendor:/opt/ros/jazzy/opt/sdformat_vendor:/opt/ros/jazzy/opt/gz_gui_vendor:/opt/ros/jazzy/opt/gz_transport_vendor:/opt/ros/jazzy/opt/gz_rendering_vendor:/opt/ros/jazzy/opt/gz_plugin_vendor:/opt/ros/jazzy/opt/gz_fuel_tools_vendor:/opt/ros/jazzy/opt/gz_msgs_vendor:/opt/ros/jazzy/opt/gz_common_vendor:/opt/ros/jazzy/opt/gz_math_vendor:/opt/ros/jazzy/opt/gz_utils_vendor:/opt/ros/jazzy/opt/gz_tools_vendor:/opt/ros/jazzy/opt/gz_ogre_next_vendor:/opt/ros/jazzy/opt/gz_dartsim_vendor:/opt/ros/jazzy/opt/gz_cmake_vendor:/opt/ros/jazzy /usr/bin/cmake /root/ros2_control_bug_example/external/kr_ros2/kr_robot_driver -DCMAKE_INSTALL_PREFIX=/root/ros2_control_bug_example/install/kr_robot_driver
[1.663s] DEBUG:colcon.colcon_core.event_handler.log_command:Invoked command in '/root/ros2_control_bug_example/build/example_pkg' returned '0': CMAKE_PREFIX_PATH=${CMAKE_PREFIX_PATH}:/opt/ros/jazzy /usr/bin/cmake /root/ros2_control_bug_example/src/example_pkg -DCMAKE_INSTALL_PREFIX=/root/ros2_control_bug_example/install/example_pkg
[1.665s] DEBUG:colcon.colcon_core.event_handler.log_command:Invoking command in '/root/ros2_control_bug_example/build/example_pkg': CMAKE_PREFIX_PATH=${CMAKE_PREFIX_PATH}:/opt/ros/jazzy /usr/bin/cmake --build /root/ros2_control_bug_example/build/example_pkg -- -j32 -l32
[1.719s] DEBUG:colcon.colcon_core.event_handler.log_command:Invoked command in '/root/ros2_control_bug_example/build/example_pkg' returned '0': CMAKE_PREFIX_PATH=${CMAKE_PREFIX_PATH}:/opt/ros/jazzy /usr/bin/cmake --build /root/ros2_control_bug_example/build/example_pkg -- -j32 -l32
[1.721s] DEBUG:colcon.colcon_core.event_handler.log_command:Invoking command in '/root/ros2_control_bug_example/build/example_pkg': CMAKE_PREFIX_PATH=${CMAKE_PREFIX_PATH}:/opt/ros/jazzy /usr/bin/cmake --install /root/ros2_control_bug_example/build/example_pkg
[1.746s] Level 1:colcon.colcon_core.environment:create_environment_scripts_only(example_pkg)
[1.746s] Level 1:colcon.colcon_core.environment:checking '/root/ros2_control_bug_example/install/example_pkg' for CMake module files
[1.747s] DEBUG:colcon.colcon_core.event_handler.log_command:Invoked command in '/root/ros2_control_bug_example/build/example_pkg' returned '0': CMAKE_PREFIX_PATH=${CMAKE_PREFIX_PATH}:/opt/ros/jazzy /usr/bin/cmake --install /root/ros2_control_bug_example/build/example_pkg
[1.748s] Level 1:colcon.colcon_core.environment:checking '/root/ros2_control_bug_example/install/example_pkg' for CMake config files
[1.748s] Level 1:colcon.colcon_core.shell:create_environment_hook('example_pkg', 'cmake_prefix_path')
[1.748s] INFO:colcon.colcon_core.shell:Creating environment hook '/root/ros2_control_bug_example/install/example_pkg/share/example_pkg/hook/cmake_prefix_path.ps1'
[1.749s] INFO:colcon.colcon_core.shell:Creating environment descriptor '/root/ros2_control_bug_example/install/example_pkg/share/example_pkg/hook/cmake_prefix_path.dsv'
[1.750s] INFO:colcon.colcon_core.shell:Creating environment hook '/root/ros2_control_bug_example/install/example_pkg/share/example_pkg/hook/cmake_prefix_path.sh'
[1.750s] Level 1:colcon.colcon_core.environment:checking '/root/ros2_control_bug_example/install/example_pkg/bin'
[1.750s] Level 1:colcon.colcon_core.environment:checking '/root/ros2_control_bug_example/install/example_pkg/lib/pkgconfig/example_pkg.pc'
[1.751s] Level 1:colcon.colcon_core.environment:checking '/root/ros2_control_bug_example/install/example_pkg/lib/python3.12/site-packages'
[1.751s] Level 1:colcon.colcon_core.environment:checking '/root/ros2_control_bug_example/install/example_pkg/bin'
[1.752s] INFO:colcon.colcon_core.shell:Creating package script '/root/ros2_control_bug_example/install/example_pkg/share/example_pkg/package.ps1'
[1.752s] INFO:colcon.colcon_core.shell:Creating package descriptor '/root/ros2_control_bug_example/install/example_pkg/share/example_pkg/package.dsv'
[1.753s] INFO:colcon.colcon_core.shell:Creating package script '/root/ros2_control_bug_example/install/example_pkg/share/example_pkg/package.sh'
[1.754s] INFO:colcon.colcon_core.shell:Creating package script '/root/ros2_control_bug_example/install/example_pkg/share/example_pkg/package.bash'
[1.754s] INFO:colcon.colcon_core.shell:Creating package script '/root/ros2_control_bug_example/install/example_pkg/share/example_pkg/package.zsh'
[1.754s] Level 1:colcon.colcon_core.environment:create_file_with_runtime_dependencies(/root/ros2_control_bug_example/install/example_pkg/share/colcon-core/packages/example_pkg)
[1.755s] Level 1:colcon.colcon_core.environment:create_environment_scripts_only(example_pkg)
[1.756s] Level 1:colcon.colcon_core.environment:checking '/root/ros2_control_bug_example/install/example_pkg' for CMake module files
[1.756s] Level 1:colcon.colcon_core.environment:checking '/root/ros2_control_bug_example/install/example_pkg' for CMake config files
[1.756s] Level 1:colcon.colcon_core.shell:create_environment_hook('example_pkg', 'cmake_prefix_path')
[1.756s] INFO:colcon.colcon_core.shell:Creating environment hook '/root/ros2_control_bug_example/install/example_pkg/share/example_pkg/hook/cmake_prefix_path.ps1'
[1.757s] INFO:colcon.colcon_core.shell:Creating environment descriptor '/root/ros2_control_bug_example/install/example_pkg/share/example_pkg/hook/cmake_prefix_path.dsv'
[1.757s] INFO:colcon.colcon_core.shell:Creating environment hook '/root/ros2_control_bug_example/install/example_pkg/share/example_pkg/hook/cmake_prefix_path.sh'
[1.758s] Level 1:colcon.colcon_core.environment:checking '/root/ros2_control_bug_example/install/example_pkg/bin'
[1.758s] Level 1:colcon.colcon_core.environment:checking '/root/ros2_control_bug_example/install/example_pkg/lib/pkgconfig/example_pkg.pc'
[1.758s] Level 1:colcon.colcon_core.environment:checking '/root/ros2_control_bug_example/install/example_pkg/lib/python3.12/site-packages'
[1.758s] Level 1:colcon.colcon_core.environment:checking '/root/ros2_control_bug_example/install/example_pkg/bin'
[1.758s] INFO:colcon.colcon_core.shell:Creating package script '/root/ros2_control_bug_example/install/example_pkg/share/example_pkg/package.ps1'
[1.759s] INFO:colcon.colcon_core.shell:Creating package descriptor '/root/ros2_control_bug_example/install/example_pkg/share/example_pkg/package.dsv'
[1.762s] INFO:colcon.colcon_core.shell:Creating package script '/root/ros2_control_bug_example/install/example_pkg/share/example_pkg/package.sh'
[1.763s] INFO:colcon.colcon_core.shell:Creating package script '/root/ros2_control_bug_example/install/example_pkg/share/example_pkg/package.bash'
[1.763s] INFO:colcon.colcon_core.shell:Creating package script '/root/ros2_control_bug_example/install/example_pkg/share/example_pkg/package.zsh'
[1.764s] Level 1:colcon.colcon_core.environment:create_file_with_runtime_dependencies(/root/ros2_control_bug_example/install/example_pkg/share/colcon-core/packages/example_pkg)
[3.416s] DEBUG:colcon.colcon_core.event_handler.log_command:Invoked command in '/root/ros2_control_bug_example/build/kr_robot_driver' returned '0': AMENT_PREFIX_PATH=/root/ros2_control_bug_example/install/kr_robot_description:${AMENT_PREFIX_PATH} CMAKE_PREFIX_PATH=/root/ros2_control_bug_example/install/kr_robot_description:/opt/ros/jazzy/opt/gz_sim_vendor:/opt/ros/jazzy/opt/gz_sensors_vendor:/opt/ros/jazzy/opt/gz_physics_vendor:/opt/ros/jazzy/opt/sdformat_vendor:/opt/ros/jazzy/opt/gz_gui_vendor:/opt/ros/jazzy/opt/gz_transport_vendor:/opt/ros/jazzy/opt/gz_rendering_vendor:/opt/ros/jazzy/opt/gz_plugin_vendor:/opt/ros/jazzy/opt/gz_fuel_tools_vendor:/opt/ros/jazzy/opt/gz_msgs_vendor:/opt/ros/jazzy/opt/gz_common_vendor:/opt/ros/jazzy/opt/gz_math_vendor:/opt/ros/jazzy/opt/gz_utils_vendor:/opt/ros/jazzy/opt/gz_tools_vendor:/opt/ros/jazzy/opt/gz_ogre_next_vendor:/opt/ros/jazzy/opt/gz_dartsim_vendor:/opt/ros/jazzy/opt/gz_cmake_vendor:/opt/ros/jazzy /usr/bin/cmake /root/ros2_control_bug_example/external/kr_ros2/kr_robot_driver -DCMAKE_INSTALL_PREFIX=/root/ros2_control_bug_example/install/kr_robot_driver
[3.416s] DEBUG:colcon.colcon_core.event_handler.log_command:Invoking command in '/root/ros2_control_bug_example/build/kr_robot_driver': AMENT_PREFIX_PATH=/root/ros2_control_bug_example/install/kr_robot_description:${AMENT_PREFIX_PATH} CMAKE_PREFIX_PATH=/root/ros2_control_bug_example/install/kr_robot_description:/opt/ros/jazzy/opt/gz_sim_vendor:/opt/ros/jazzy/opt/gz_sensors_vendor:/opt/ros/jazzy/opt/gz_physics_vendor:/opt/ros/jazzy/opt/sdformat_vendor:/opt/ros/jazzy/opt/gz_gui_vendor:/opt/ros/jazzy/opt/gz_transport_vendor:/opt/ros/jazzy/opt/gz_rendering_vendor:/opt/ros/jazzy/opt/gz_plugin_vendor:/opt/ros/jazzy/opt/gz_fuel_tools_vendor:/opt/ros/jazzy/opt/gz_msgs_vendor:/opt/ros/jazzy/opt/gz_common_vendor:/opt/ros/jazzy/opt/gz_math_vendor:/opt/ros/jazzy/opt/gz_utils_vendor:/opt/ros/jazzy/opt/gz_tools_vendor:/opt/ros/jazzy/opt/gz_ogre_next_vendor:/opt/ros/jazzy/opt/gz_dartsim_vendor:/opt/ros/jazzy/opt/gz_cmake_vendor:/opt/ros/jazzy /usr/bin/cmake --build /root/ros2_control_bug_example/build/kr_robot_driver -- -j32 -l32
[9.764s] DEBUG:colcon.colcon_core.event_handler.log_command:Invoked command in '/root/ros2_control_bug_example/build/kr_robot_driver' returned '0': AMENT_PREFIX_PATH=/root/ros2_control_bug_example/install/kr_robot_description:${AMENT_PREFIX_PATH} CMAKE_PREFIX_PATH=/root/ros2_control_bug_example/install/kr_robot_description:/opt/ros/jazzy/opt/gz_sim_vendor:/opt/ros/jazzy/opt/gz_sensors_vendor:/opt/ros/jazzy/opt/gz_physics_vendor:/opt/ros/jazzy/opt/sdformat_vendor:/opt/ros/jazzy/opt/gz_gui_vendor:/opt/ros/jazzy/opt/gz_transport_vendor:/opt/ros/jazzy/opt/gz_rendering_vendor:/opt/ros/jazzy/opt/gz_plugin_vendor:/opt/ros/jazzy/opt/gz_fuel_tools_vendor:/opt/ros/jazzy/opt/gz_msgs_vendor:/opt/ros/jazzy/opt/gz_common_vendor:/opt/ros/jazzy/opt/gz_math_vendor:/opt/ros/jazzy/opt/gz_utils_vendor:/opt/ros/jazzy/opt/gz_tools_vendor:/opt/ros/jazzy/opt/gz_ogre_next_vendor:/opt/ros/jazzy/opt/gz_dartsim_vendor:/opt/ros/jazzy/opt/gz_cmake_vendor:/opt/ros/jazzy /usr/bin/cmake --build /root/ros2_control_bug_example/build/kr_robot_driver -- -j32 -l32
[9.765s] DEBUG:colcon.colcon_core.event_handler.log_command:Invoking command in '/root/ros2_control_bug_example/build/kr_robot_driver': AMENT_PREFIX_PATH=/root/ros2_control_bug_example/install/kr_robot_description:${AMENT_PREFIX_PATH} CMAKE_PREFIX_PATH=/root/ros2_control_bug_example/install/kr_robot_description:/opt/ros/jazzy/opt/gz_sim_vendor:/opt/ros/jazzy/opt/gz_sensors_vendor:/opt/ros/jazzy/opt/gz_physics_vendor:/opt/ros/jazzy/opt/sdformat_vendor:/opt/ros/jazzy/opt/gz_gui_vendor:/opt/ros/jazzy/opt/gz_transport_vendor:/opt/ros/jazzy/opt/gz_rendering_vendor:/opt/ros/jazzy/opt/gz_plugin_vendor:/opt/ros/jazzy/opt/gz_fuel_tools_vendor:/opt/ros/jazzy/opt/gz_msgs_vendor:/opt/ros/jazzy/opt/gz_common_vendor:/opt/ros/jazzy/opt/gz_math_vendor:/opt/ros/jazzy/opt/gz_utils_vendor:/opt/ros/jazzy/opt/gz_tools_vendor:/opt/ros/jazzy/opt/gz_ogre_next_vendor:/opt/ros/jazzy/opt/gz_dartsim_vendor:/opt/ros/jazzy/opt/gz_cmake_vendor:/opt/ros/jazzy /usr/bin/cmake --install /root/ros2_control_bug_example/build/kr_robot_driver
[9.787s] Level 1:colcon.colcon_core.environment:create_environment_scripts_only(kr_robot_driver)
[9.787s] DEBUG:colcon.colcon_core.event_handler.log_command:Invoked command in '/root/ros2_control_bug_example/build/kr_robot_driver' returned '0': AMENT_PREFIX_PATH=/root/ros2_control_bug_example/install/kr_robot_description:${AMENT_PREFIX_PATH} CMAKE_PREFIX_PATH=/root/ros2_control_bug_example/install/kr_robot_description:/opt/ros/jazzy/opt/gz_sim_vendor:/opt/ros/jazzy/opt/gz_sensors_vendor:/opt/ros/jazzy/opt/gz_physics_vendor:/opt/ros/jazzy/opt/sdformat_vendor:/opt/ros/jazzy/opt/gz_gui_vendor:/opt/ros/jazzy/opt/gz_transport_vendor:/opt/ros/jazzy/opt/gz_rendering_vendor:/opt/ros/jazzy/opt/gz_plugin_vendor:/opt/ros/jazzy/opt/gz_fuel_tools_vendor:/opt/ros/jazzy/opt/gz_msgs_vendor:/opt/ros/jazzy/opt/gz_common_vendor:/opt/ros/jazzy/opt/gz_math_vendor:/opt/ros/jazzy/opt/gz_utils_vendor:/opt/ros/jazzy/opt/gz_tools_vendor:/opt/ros/jazzy/opt/gz_ogre_next_vendor:/opt/ros/jazzy/opt/gz_dartsim_vendor:/opt/ros/jazzy/opt/gz_cmake_vendor:/opt/ros/jazzy /usr/bin/cmake --install /root/ros2_control_bug_example/build/kr_robot_driver
[9.787s] Level 1:colcon.colcon_core.environment:checking '/root/ros2_control_bug_example/install/kr_robot_driver' for CMake module files
[9.788s] Level 1:colcon.colcon_core.environment:checking '/root/ros2_control_bug_example/install/kr_robot_driver' for CMake config files
[9.788s] Level 1:colcon.colcon_core.shell:create_environment_hook('kr_robot_driver', 'cmake_prefix_path')
[9.788s] INFO:colcon.colcon_core.shell:Creating environment hook '/root/ros2_control_bug_example/install/kr_robot_driver/share/kr_robot_driver/hook/cmake_prefix_path.ps1'
[9.788s] INFO:colcon.colcon_core.shell:Creating environment descriptor '/root/ros2_control_bug_example/install/kr_robot_driver/share/kr_robot_driver/hook/cmake_prefix_path.dsv'
[9.789s] INFO:colcon.colcon_core.shell:Creating environment hook '/root/ros2_control_bug_example/install/kr_robot_driver/share/kr_robot_driver/hook/cmake_prefix_path.sh'
[9.789s] Level 1:colcon.colcon_core.environment:checking '/root/ros2_control_bug_example/install/kr_robot_driver/lib'
[9.789s] Level 1:colcon.colcon_core.shell:create_environment_hook('kr_robot_driver', 'ld_library_path_lib')
[9.789s] INFO:colcon.colcon_core.shell:Creating environment hook '/root/ros2_control_bug_example/install/kr_robot_driver/share/kr_robot_driver/hook/ld_library_path_lib.ps1'
[9.789s] INFO:colcon.colcon_core.shell:Creating environment descriptor '/root/ros2_control_bug_example/install/kr_robot_driver/share/kr_robot_driver/hook/ld_library_path_lib.dsv'
[9.790s] INFO:colcon.colcon_core.shell:Creating environment hook '/root/ros2_control_bug_example/install/kr_robot_driver/share/kr_robot_driver/hook/ld_library_path_lib.sh'
[9.790s] Level 1:colcon.colcon_core.environment:checking '/root/ros2_control_bug_example/install/kr_robot_driver/bin'
[9.790s] Level 1:colcon.colcon_core.environment:checking '/root/ros2_control_bug_example/install/kr_robot_driver/lib/pkgconfig/kr_robot_driver.pc'
[9.790s] Level 1:colcon.colcon_core.environment:checking '/root/ros2_control_bug_example/install/kr_robot_driver/lib/python3.12/site-packages'
[9.790s] Level 1:colcon.colcon_core.environment:checking '/root/ros2_control_bug_example/install/kr_robot_driver/bin'
[9.790s] INFO:colcon.colcon_core.shell:Creating package script '/root/ros2_control_bug_example/install/kr_robot_driver/share/kr_robot_driver/package.ps1'
[9.791s] INFO:colcon.colcon_core.shell:Creating package descriptor '/root/ros2_control_bug_example/install/kr_robot_driver/share/kr_robot_driver/package.dsv'
[9.791s] INFO:colcon.colcon_core.shell:Creating package script '/root/ros2_control_bug_example/install/kr_robot_driver/share/kr_robot_driver/package.sh'
[9.791s] INFO:colcon.colcon_core.shell:Creating package script '/root/ros2_control_bug_example/install/kr_robot_driver/share/kr_robot_driver/package.bash'
[9.791s] INFO:colcon.colcon_core.shell:Creating package script '/root/ros2_control_bug_example/install/kr_robot_driver/share/kr_robot_driver/package.zsh'
[9.791s] Level 1:colcon.colcon_core.environment:create_file_with_runtime_dependencies(/root/ros2_control_bug_example/install/kr_robot_driver/share/colcon-core/packages/kr_robot_driver)
[9.792s] Level 1:colcon.colcon_core.environment:create_environment_scripts_only(kr_robot_driver)
[9.792s] Level 1:colcon.colcon_core.environment:checking '/root/ros2_control_bug_example/install/kr_robot_driver' for CMake module files
[9.792s] Level 1:colcon.colcon_core.environment:checking '/root/ros2_control_bug_example/install/kr_robot_driver' for CMake config files
[9.792s] Level 1:colcon.colcon_core.shell:create_environment_hook('kr_robot_driver', 'cmake_prefix_path')
[9.792s] INFO:colcon.colcon_core.shell:Creating environment hook '/root/ros2_control_bug_example/install/kr_robot_driver/share/kr_robot_driver/hook/cmake_prefix_path.ps1'
[9.793s] INFO:colcon.colcon_core.shell:Creating environment descriptor '/root/ros2_control_bug_example/install/kr_robot_driver/share/kr_robot_driver/hook/cmake_prefix_path.dsv'
[9.793s] INFO:colcon.colcon_core.shell:Creating environment hook '/root/ros2_control_bug_example/install/kr_robot_driver/share/kr_robot_driver/hook/cmake_prefix_path.sh'
[9.793s] Level 1:colcon.colcon_core.environment:checking '/root/ros2_control_bug_example/install/kr_robot_driver/lib'
[9.793s] Level 1:colcon.colcon_core.shell:create_environment_hook('kr_robot_driver', 'ld_library_path_lib')
[9.793s] INFO:colcon.colcon_core.shell:Creating environment hook '/root/ros2_control_bug_example/install/kr_robot_driver/share/kr_robot_driver/hook/ld_library_path_lib.ps1'
[9.793s] INFO:colcon.colcon_core.shell:Creating environment descriptor '/root/ros2_control_bug_example/install/kr_robot_driver/share/kr_robot_driver/hook/ld_library_path_lib.dsv'
[9.793s] INFO:colcon.colcon_core.shell:Creating environment hook '/root/ros2_control_bug_example/install/kr_robot_driver/share/kr_robot_driver/hook/ld_library_path_lib.sh'
[9.794s] Level 1:colcon.colcon_core.environment:checking '/root/ros2_control_bug_example/install/kr_robot_driver/bin'
[9.794s] Level 1:colcon.colcon_core.environment:checking '/root/ros2_control_bug_example/install/kr_robot_driver/lib/pkgconfig/kr_robot_driver.pc'
[9.794s] Level 1:colcon.colcon_core.environment:checking '/root/ros2_control_bug_example/install/kr_robot_driver/lib/python3.12/site-packages'
[9.794s] Level 1:colcon.colcon_core.environment:checking '/root/ros2_control_bug_example/install/kr_robot_driver/bin'
[9.794s] INFO:colcon.colcon_core.shell:Creating package script '/root/ros2_control_bug_example/install/kr_robot_driver/share/kr_robot_driver/package.ps1'
[9.794s] INFO:colcon.colcon_core.shell:Creating package descriptor '/root/ros2_control_bug_example/install/kr_robot_driver/share/kr_robot_driver/package.dsv'
[9.800s] INFO:colcon.colcon_core.shell:Creating package script '/root/ros2_control_bug_example/install/kr_robot_driver/share/kr_robot_driver/package.sh'
[9.800s] INFO:colcon.colcon_core.shell:Creating package script '/root/ros2_control_bug_example/install/kr_robot_driver/share/kr_robot_driver/package.bash'
[9.800s] INFO:colcon.colcon_core.shell:Creating package script '/root/ros2_control_bug_example/install/kr_robot_driver/share/kr_robot_driver/package.zsh'
[9.800s] Level 1:colcon.colcon_core.environment:create_file_with_runtime_dependencies(/root/ros2_control_bug_example/install/kr_robot_driver/share/colcon-core/packages/kr_robot_driver)
[9.801s] DEBUG:colcon.colcon_parallel_executor.executor.parallel:closing loop
[9.801s] DEBUG:colcon.colcon_parallel_executor.executor.parallel:loop closed
[9.801s] DEBUG:colcon.colcon_parallel_executor.executor.parallel:run_until_complete finished with '0'
[9.801s] DEBUG:colcon.colcon_core.event_reactor:joining thread
[9.806s] INFO:colcon.colcon_core.plugin_system:Skipping extension 'colcon_notification.desktop_notification.notify_send': Could not find 'notify-send'
[9.807s] INFO:colcon.colcon_core.plugin_system:Skipping extension 'colcon_notification.desktop_notification.terminal_notifier': Not used on non-Darwin systems
[9.807s] INFO:colcon.colcon_core.plugin_system:Skipping extension 'colcon_notification.desktop_notification.win32': Not used on non-Windows systems
[9.807s] INFO:colcon.colcon_notification.desktop_notification:Sending desktop notification using 'notify2'
[9.809s] DEBUG:colcon.colcon_notification.desktop_notification.notify2:Failed to initialize notify2: org.freedesktop.DBus.Error.Spawn.ExecFailed: /usr/bin/dbus-launch terminated abnormally without any error message
[9.810s] DEBUG:colcon.colcon_core.event_reactor:joined thread
[9.810s] INFO:colcon.colcon_core.shell:Creating prefix script '/root/ros2_control_bug_example/install/local_setup.ps1'
[9.811s] INFO:colcon.colcon_core.shell:Creating prefix util module '/root/ros2_control_bug_example/install/_local_setup_util_ps1.py'
[9.812s] INFO:colcon.colcon_core.shell:Creating prefix chain script '/root/ros2_control_bug_example/install/setup.ps1'
[9.813s] INFO:colcon.colcon_core.shell:Creating prefix script '/root/ros2_control_bug_example/install/local_setup.sh'
[9.813s] INFO:colcon.colcon_core.shell:Creating prefix util module '/root/ros2_control_bug_example/install/_local_setup_util_sh.py'
[9.814s] INFO:colcon.colcon_core.shell:Creating prefix chain script '/root/ros2_control_bug_example/install/setup.sh'
[9.814s] INFO:colcon.colcon_core.shell:Creating prefix script '/root/ros2_control_bug_example/install/local_setup.bash'
[9.815s] INFO:colcon.colcon_core.shell:Creating prefix chain script '/root/ros2_control_bug_example/install/setup.bash'
[9.816s] INFO:colcon.colcon_core.shell:Creating prefix script '/root/ros2_control_bug_example/install/local_setup.zsh'
[9.816s] INFO:colcon.colcon_core.shell:Creating prefix chain script '/root/ros2_control_bug_example/install/setup.zsh'
