-- Install configuration: ""
-- Up-to-date: /root/ros2_control_bug_example/install/kr_robot_description/share/kr_robot_description/kr810/meshes
-- Up-to-date: /root/ros2_control_bug_example/install/kr_robot_description/share/kr_robot_description/kr810/meshes/a810
-- Up-to-date: /root/ros2_control_bug_example/install/kr_robot_description/share/kr_robot_description/kr810/meshes/a810/a810_Link3.stl
-- Up-to-date: /root/ros2_control_bug_example/install/kr_robot_description/share/kr_robot_description/kr810/meshes/a810/a810_Link4.obj
-- Up-to-date: /root/ros2_control_bug_example/install/kr_robot_description/share/kr_robot_description/kr810/meshes/a810/a810_Link7.obj
-- Up-to-date: /root/ros2_control_bug_example/install/kr_robot_description/share/kr_robot_description/kr810/meshes/a810/a810_Link4.stl
-- Up-to-date: /root/ros2_control_bug_example/install/kr_robot_description/share/kr_robot_description/kr810/meshes/a810/a810_Flange.stl
-- Up-to-date: /root/ros2_control_bug_example/install/kr_robot_description/share/kr_robot_description/kr810/meshes/a810/a810_ToolIO.obj
-- Up-to-date: /root/ros2_control_bug_example/install/kr_robot_description/share/kr_robot_description/kr810/meshes/a810/a810_Link6.stl
-- Up-to-date: /root/ros2_control_bug_example/install/kr_robot_description/share/kr_robot_description/kr810/meshes/a810/a810_Link3.obj
-- Up-to-date: /root/ros2_control_bug_example/install/kr_robot_description/share/kr_robot_description/kr810/meshes/a810/a810_Link5.stl
-- Up-to-date: /root/ros2_control_bug_example/install/kr_robot_description/share/kr_robot_description/kr810/meshes/a810/a810_Link7.stl
-- Up-to-date: /root/ros2_control_bug_example/install/kr_robot_description/share/kr_robot_description/kr810/meshes/a810/a810_Link2.stl
-- Up-to-date: /root/ros2_control_bug_example/install/kr_robot_description/share/kr_robot_description/kr810/meshes/a810/a810_Link2.obj
-- Up-to-date: /root/ros2_control_bug_example/install/kr_robot_description/share/kr_robot_description/kr810/meshes/a810/.DS_Store
-- Up-to-date: /root/ros2_control_bug_example/install/kr_robot_description/share/kr_robot_description/kr810/meshes/a810/a810_Flange.obj
-- Up-to-date: /root/ros2_control_bug_example/install/kr_robot_description/share/kr_robot_description/kr810/meshes/a810/a810_Base.obj
-- Up-to-date: /root/ros2_control_bug_example/install/kr_robot_description/share/kr_robot_description/kr810/meshes/a810/a810_ToolIO.stl
-- Up-to-date: /root/ros2_control_bug_example/install/kr_robot_description/share/kr_robot_description/kr810/meshes/a810/a810_Link6.obj
-- Up-to-date: /root/ros2_control_bug_example/install/kr_robot_description/share/kr_robot_description/kr810/meshes/a810/a810_Base.stl
-- Up-to-date: /root/ros2_control_bug_example/install/kr_robot_description/share/kr_robot_description/kr810/meshes/a810/a810_Link5.obj
-- Up-to-date: /root/ros2_control_bug_example/install/kr_robot_description/share/kr_robot_description/kr810/urdf
-- Up-to-date: /root/ros2_control_bug_example/install/kr_robot_description/share/kr_robot_description/kr810/urdf/kr810_description.urdf.xacro
-- Up-to-date: /root/ros2_control_bug_example/install/kr_robot_description/share/kr_robot_description/kr810/rviz
-- Up-to-date: /root/ros2_control_bug_example/install/kr_robot_description/share/kr_robot_description/kr810/rviz/view_robot.rviz
-- Up-to-date: /root/ros2_control_bug_example/install/kr_robot_description/share/kr_robot_description/kr810/config
-- Up-to-date: /root/ros2_control_bug_example/install/kr_robot_description/share/kr_robot_description/kr810/config/kr810_controllers.yaml
-- Up-to-date: /root/ros2_control_bug_example/install/kr_robot_description/share/kr_robot_description/kr810/config/kr810_controllers_1.yaml
-- Up-to-date: /root/ros2_control_bug_example/install/kr_robot_description/share/kr_robot_description/kr810/config/kr810_jsb.yaml
-- Up-to-date: /root/ros2_control_bug_example/install/kr_robot_description/share/ament_index/resource_index/package_run_dependencies/kr_robot_description
-- Up-to-date: /root/ros2_control_bug_example/install/kr_robot_description/share/ament_index/resource_index/parent_prefix_path/kr_robot_description
-- Up-to-date: /root/ros2_control_bug_example/install/kr_robot_description/share/kr_robot_description/environment/ament_prefix_path.sh
-- Up-to-date: /root/ros2_control_bug_example/install/kr_robot_description/share/kr_robot_description/environment/ament_prefix_path.dsv
-- Up-to-date: /root/ros2_control_bug_example/install/kr_robot_description/share/kr_robot_description/environment/path.sh
-- Up-to-date: /root/ros2_control_bug_example/install/kr_robot_description/share/kr_robot_description/environment/path.dsv
-- Up-to-date: /root/ros2_control_bug_example/install/kr_robot_description/share/kr_robot_description/local_setup.bash
-- Up-to-date: /root/ros2_control_bug_example/install/kr_robot_description/share/kr_robot_description/local_setup.sh
-- Up-to-date: /root/ros2_control_bug_example/install/kr_robot_description/share/kr_robot_description/local_setup.zsh
-- Up-to-date: /root/ros2_control_bug_example/install/kr_robot_description/share/kr_robot_description/local_setup.dsv
-- Up-to-date: /root/ros2_control_bug_example/install/kr_robot_description/share/kr_robot_description/package.dsv
-- Up-to-date: /root/ros2_control_bug_example/install/kr_robot_description/share/ament_index/resource_index/packages/kr_robot_description
-- Up-to-date: /root/ros2_control_bug_example/install/kr_robot_description/share/kr_robot_description/cmake/kr_robot_descriptionConfig.cmake
-- Up-to-date: /root/ros2_control_bug_example/install/kr_robot_description/share/kr_robot_description/cmake/kr_robot_descriptionConfig-version.cmake
-- Up-to-date: /root/ros2_control_bug_example/install/kr_robot_description/share/kr_robot_description/package.xml
