-- Install configuration: ""
-- Up-to-date: /root/ros2_control_bug_example/install/example_pkg/share/example_pkg/launch
-- Up-to-date: /root/ros2_control_bug_example/install/example_pkg/share/example_pkg/launch/sim.launch.py
-- Up-to-date: /root/ros2_control_bug_example/install/example_pkg/share/example_pkg/launch/spawn_table.launch.py
-- Up-to-date: /root/ros2_control_bug_example/install/example_pkg/share/example_pkg/launch/spawn_kr810.launch.py
-- Up-to-date: /root/ros2_control_bug_example/install/example_pkg/share/example_pkg/launch/test.launch.py
-- Up-to-date: /root/ros2_control_bug_example/install/example_pkg/share/example_pkg/launch/control_kr810.launch.py
-- Up-to-date: /root/ros2_control_bug_example/install/example_pkg/share/example_pkg/models
-- Up-to-date: /root/ros2_control_bug_example/install/example_pkg/share/example_pkg/models/table
-- Up-to-date: /root/ros2_control_bug_example/install/example_pkg/share/example_pkg/models/table/model.config
-- Up-to-date: /root/ros2_control_bug_example/install/example_pkg/share/example_pkg/models/table/Desk.png
-- Up-to-date: /root/ros2_control_bug_example/install/example_pkg/share/example_pkg/models/table/model.sdf
-- Up-to-date: /root/ros2_control_bug_example/install/example_pkg/share/example_pkg/models/table/materials
-- Up-to-date: /root/ros2_control_bug_example/install/example_pkg/share/example_pkg/models/table/materials/textures
-- Up-to-date: /root/ros2_control_bug_example/install/example_pkg/share/example_pkg/models/table/materials/textures/Desk_Albedo.png
-- Up-to-date: /root/ros2_control_bug_example/install/example_pkg/share/example_pkg/models/table/materials/textures/Desk_Roughness.png
-- Up-to-date: /root/ros2_control_bug_example/install/example_pkg/share/example_pkg/models/table/materials/textures/Desk_Normal.png
-- Up-to-date: /root/ros2_control_bug_example/install/example_pkg/share/example_pkg/models/table/thumbnails
-- Up-to-date: /root/ros2_control_bug_example/install/example_pkg/share/example_pkg/models/table/meshes
-- Up-to-date: /root/ros2_control_bug_example/install/example_pkg/share/example_pkg/models/table/meshes/desk.dae
-- Up-to-date: /root/ros2_control_bug_example/install/example_pkg/share/example_pkg/config
-- Up-to-date: /root/ros2_control_bug_example/install/example_pkg/share/example_pkg/config/spawn_table.yaml
-- Up-to-date: /root/ros2_control_bug_example/install/example_pkg/share/ament_index/resource_index/package_run_dependencies/example_pkg
-- Up-to-date: /root/ros2_control_bug_example/install/example_pkg/share/ament_index/resource_index/parent_prefix_path/example_pkg
-- Up-to-date: /root/ros2_control_bug_example/install/example_pkg/share/example_pkg/environment/ament_prefix_path.sh
-- Up-to-date: /root/ros2_control_bug_example/install/example_pkg/share/example_pkg/environment/ament_prefix_path.dsv
-- Up-to-date: /root/ros2_control_bug_example/install/example_pkg/share/example_pkg/environment/path.sh
-- Up-to-date: /root/ros2_control_bug_example/install/example_pkg/share/example_pkg/environment/path.dsv
-- Up-to-date: /root/ros2_control_bug_example/install/example_pkg/share/example_pkg/local_setup.bash
-- Up-to-date: /root/ros2_control_bug_example/install/example_pkg/share/example_pkg/local_setup.sh
-- Up-to-date: /root/ros2_control_bug_example/install/example_pkg/share/example_pkg/local_setup.zsh
-- Up-to-date: /root/ros2_control_bug_example/install/example_pkg/share/example_pkg/local_setup.dsv
-- Up-to-date: /root/ros2_control_bug_example/install/example_pkg/share/example_pkg/package.dsv
-- Up-to-date: /root/ros2_control_bug_example/install/example_pkg/share/ament_index/resource_index/packages/example_pkg
-- Up-to-date: /root/ros2_control_bug_example/install/example_pkg/share/example_pkg/cmake/example_pkgConfig.cmake
-- Up-to-date: /root/ros2_control_bug_example/install/example_pkg/share/example_pkg/cmake/example_pkgConfig-version.cmake
-- Up-to-date: /root/ros2_control_bug_example/install/example_pkg/share/example_pkg/package.xml
