In file included from [01m[K/root/ros2_control_bug_example/external/kr_ros2/kr_robot_driver/controller/include/kr_robot_driver/kr810_controller.hpp:40[m[K,
                 from [01m[K/root/ros2_control_bug_example/external/kr_ros2/kr_robot_driver/controller/kr810_controller.cpp:15[m[K:
[01m[K/opt/ros/jazzy/include/realtime_tools/realtime_tools/realtime_buffer.h:25:2:[m[K [01;35m[Kwarning: [m[K#warning "This header include is deprecated. Please update your code to use 'realtime_buffer.hpp' header." [[01;35m[K-Wcpp[m[K]
   25 | #[01;35m[Kwarning[m[K \
      |  [01;35m[K^~~~~~~[m[K
[01m[K/root/ros2_control_bug_example/external/kr_ros2/kr_robot_driver/hardware/kr810_hardware.cpp:[m[K In member function ‘[01m[Kvirtual kr_robot_driver::CallbackReturn kr_robot_driver::RobotSystem::[01;32m[Kon_init[m[K(const hardware_interface::HardwareInfo&)[m[K’:
[01m[K/root/ros2_control_bug_example/external/kr_ros2/kr_robot_driver/hardware/kr810_hardware.cpp:23:51:[m[K [01;35m[Kwarning: [m[K‘[01m[Kvirtual rclcpp_lifecycle::node_interfaces::LifecycleNodeInterface::CallbackReturn hardware_interface::SystemInterface::[01;32m[Kon_init[m[K(const hardware_interface::HardwareInfo&)[m[K’ is deprecated: Use on_init(const HardwareComponentInterfaceParams & params) instead. [[01;35m[K-Wdeprecated-declarations[m[K]
   23 |   if ([01;35m[Khardware_interface::SystemInterface::on_init(info)[m[K != CallbackReturn::SUCCESS)
      |       [01;35m[K~~~~~~~~~~~~~~~~~~~~~~~~~~~~~~~~~~~~~~~~~~~~^~~~~~[m[K
In file included from [01m[K/root/ros2_control_bug_example/external/kr_ros2/kr_robot_driver/hardware/include/kr_robot_driver/kr810_hardware.hpp:24[m[K,
                 from [01m[K/root/ros2_control_bug_example/external/kr_ros2/kr_robot_driver/hardware/kr810_hardware.cpp:15[m[K:
[01m[K/opt/ros/jazzy/include/hardware_interface/hardware_interface/system_interface.hpp:243:26:[m[K [01;36m[Knote: [m[Kdeclared here
  243 |   virtual CallbackReturn [01;36m[Kon_init[m[K(const HardwareInfo & hardware_info)
      |                          [01;36m[K^~~~~~~[m[K
[01m[K/root/ros2_control_bug_example/external/kr_ros2/kr_robot_driver/controller/kr810_controller.cpp:[m[K In member function ‘[01m[Kvirtual controller_interface::return_type kr_robot_driver::RobotController::[01;32m[Kupdate[m[K(const rclcpp::Time&, const rclcpp::Duration&)[m[K’:
[01m[K/root/ros2_control_bug_example/external/kr_ros2/kr_robot_driver/controller/kr810_controller.cpp:166:59:[m[K [01;35m[Kwarning: [m[Kignoring return value of ‘[01m[Kbool hardware_interface::LoanedCommandInterface::[01;32m[Kset_value[m[K(const T&, unsigned int) [35m[K[with T = double][m[K[m[K’, declared with attribute ‘[01m[Knodiscard[m[K’ [[01;35m[K-Wunused-result[m[K]
  166 |       [01;35m[Kjoint_position_command_interface_[i].get().set_value(point_interp_.positions[i])[m[K;
      |       [01;35m[K~~~~~~~~~~~~~~~~~~~~~~~~~~~~~~~~~~~~~~~~~~~~~~~~~~~~^~~~~~~~~~~~~~~~~~~~~~~~~~~~[m[K
In file included from [01m[K/opt/ros/jazzy/include/controller_interface/controller_interface/controller_interface_base.hpp:27[m[K,
                 from [01m[K/opt/ros/jazzy/include/controller_interface/controller_interface/controller_interface.hpp:21[m[K,
                 from [01m[K/root/ros2_control_bug_example/external/kr_ros2/kr_robot_driver/controller/include/kr_robot_driver/kr810_controller.hpp:32[m[K:
[01m[K/opt/ros/jazzy/include/hardware_interface/hardware_interface/loaned_command_interface.hpp:113:22:[m[K [01;36m[Knote: [m[Kdeclared here
  113 |   [[nodiscard]] bool [01;36m[Kset_value[m[K(const T & value, unsigned int max_tries = 10)
      |                      [01;36m[K^~~~~~~~~[m[K
[01m[K/root/ros2_control_bug_example/external/kr_ros2/kr_robot_driver/controller/kr810_controller.cpp:170:59:[m[K [01;35m[Kwarning: [m[Kignoring return value of ‘[01m[Kbool hardware_interface::LoanedCommandInterface::[01;32m[Kset_value[m[K(const T&, unsigned int) [35m[K[with T = double][m[K[m[K’, declared with attribute ‘[01m[Knodiscard[m[K’ [[01;35m[K-Wunused-result[m[K]
  170 |       [01;35m[Kjoint_velocity_command_interface_[i].get().set_value(point_interp_.velocities[i])[m[K;
      |       [01;35m[K~~~~~~~~~~~~~~~~~~~~~~~~~~~~~~~~~~~~~~~~~~~~~~~~~~~~^~~~~~~~~~~~~~~~~~~~~~~~~~~~~[m[K
[01m[K/opt/ros/jazzy/include/hardware_interface/hardware_interface/loaned_command_interface.hpp:113:22:[m[K [01;36m[Knote: [m[Kdeclared here
  113 |   [[nodiscard]] bool [01;36m[Kset_value[m[K(const T & value, unsigned int max_tries = 10)
      |                      [01;36m[K^~~~~~~~~[m[K
