-- The CXX compiler identification is GNU 13.3.0
-- Detecting CXX compiler ABI info
-- Detecting CXX compiler ABI info - done
-- Check for working CXX compiler: /usr/bin/c++ - skipped
-- Detecting CXX compile features
-- Detecting CXX compile features - done
-- Found controller_manager: 4.35.0 (/opt/ros/jazzy/share/controller_manager/cmake)
-- Found Python3: /usr/bin/python3 (found version "3.12.3") found components: Interpreter 
-- Found rosidl_generator_c: 4.6.6 (/opt/ros/jazzy/share/rosidl_generator_c/cmake)
-- Found rosidl_generator_cpp: 4.6.6 (/opt/ros/jazzy/share/rosidl_generator_cpp/cmake)
-- Using all available rosidl_typesupport_c: rosidl_typesupport_fastrtps_c;rosidl_typesupport_introspection_c
-- Using all available rosidl_typesupport_cpp: rosidl_typesupport_fastrtps_cpp;rosidl_typesupport_introspection_cpp
-- Found rmw_implementation_cmake: 7.3.2 (/opt/ros/jazzy/share/rmw_implementation_cmake/cmake)
-- Found rmw_fastrtps_cpp: 8.4.3 (/opt/ros/jazzy/share/rmw_fastrtps_cpp/cmake)
-- Found OpenSSL: /usr/lib/x86_64-linux-gnu/libcrypto.so (found version "3.0.13")  
-- Found FastRTPS: /opt/ros/jazzy/include (Required is at least version "2.13") 
-- Using RMW implementation 'rmw_fastrtps_cpp' as default
-- Found kdl_parser: 2.11.0 (/opt/ros/jazzy/share/kdl_parser/cmake)
-- Found eigen3_cmake_module: 0.3.0 (/opt/ros/jazzy/share/eigen3_cmake_module/cmake)
-- Found Eigen3: TRUE (found version "3.4.0") 
-- Ensuring Eigen3 include directory is part of orocos-kdl CMake target
-- Found ament_cmake_pytest: 2.5.4 (/opt/ros/jazzy/share/ament_cmake_pytest/cmake)
-- Configuring done (2.4s)
-- Generating done (0.0s)
-- Build files have been written to: /root/ros2_control_bug_example/build/kr_robot_driver
[ 20%] [32mBuilding CXX object CMakeFiles/send_trajectory.dir/reference_generator/send_trajectory.cpp.o[0m
[ 40%] [32mBuilding CXX object CMakeFiles/kr_robot_driver.dir/controller/kr810_controller.cpp.o[0m
[ 60%] [32mBuilding CXX object CMakeFiles/kr_robot_driver.dir/hardware/kr810_hardware.cpp.o[0m
In file included from [01m[K/root/ros2_control_bug_example/external/kr_ros2/kr_robot_driver/controller/include/kr_robot_driver/kr810_controller.hpp:40[m[K,
                 from [01m[K/root/ros2_control_bug_example/external/kr_ros2/kr_robot_driver/controller/kr810_controller.cpp:15[m[K:
[01m[K/opt/ros/jazzy/include/realtime_tools/realtime_tools/realtime_buffer.h:25:2:[m[K [01;35m[Kwarning: [m[K#warning "This header include is deprecated. Please update your code to use 'realtime_buffer.hpp' header." [[01;35m[K-Wcpp[m[K]
   25 | #[01;35m[Kwarning[m[K \
      |  [01;35m[K^~~~~~~[m[K
[01m[K/root/ros2_control_bug_example/external/kr_ros2/kr_robot_driver/hardware/kr810_hardware.cpp:[m[K In member function ‘[01m[Kvirtual kr_robot_driver::CallbackReturn kr_robot_driver::RobotSystem::[01;32m[Kon_init[m[K(const hardware_interface::HardwareInfo&)[m[K’:
[01m[K/root/ros2_control_bug_example/external/kr_ros2/kr_robot_driver/hardware/kr810_hardware.cpp:23:51:[m[K [01;35m[Kwarning: [m[K‘[01m[Kvirtual rclcpp_lifecycle::node_interfaces::LifecycleNodeInterface::CallbackReturn hardware_interface::SystemInterface::[01;32m[Kon_init[m[K(const hardware_interface::HardwareInfo&)[m[K’ is deprecated: Use on_init(const HardwareComponentInterfaceParams & params) instead. [[01;35m[K-Wdeprecated-declarations[m[K]
   23 |   if ([01;35m[Khardware_interface::SystemInterface::on_init(info)[m[K != CallbackReturn::SUCCESS)
      |       [01;35m[K~~~~~~~~~~~~~~~~~~~~~~~~~~~~~~~~~~~~~~~~~~~~^~~~~~[m[K
In file included from [01m[K/root/ros2_control_bug_example/external/kr_ros2/kr_robot_driver/hardware/include/kr_robot_driver/kr810_hardware.hpp:24[m[K,
                 from [01m[K/root/ros2_control_bug_example/external/kr_ros2/kr_robot_driver/hardware/kr810_hardware.cpp:15[m[K:
[01m[K/opt/ros/jazzy/include/hardware_interface/hardware_interface/system_interface.hpp:243:26:[m[K [01;36m[Knote: [m[Kdeclared here
  243 |   virtual CallbackReturn [01;36m[Kon_init[m[K(const HardwareInfo & hardware_info)
      |                          [01;36m[K^~~~~~~[m[K
[01m[K/root/ros2_control_bug_example/external/kr_ros2/kr_robot_driver/controller/kr810_controller.cpp:[m[K In member function ‘[01m[Kvirtual controller_interface::return_type kr_robot_driver::RobotController::[01;32m[Kupdate[m[K(const rclcpp::Time&, const rclcpp::Duration&)[m[K’:
[01m[K/root/ros2_control_bug_example/external/kr_ros2/kr_robot_driver/controller/kr810_controller.cpp:166:59:[m[K [01;35m[Kwarning: [m[Kignoring return value of ‘[01m[Kbool hardware_interface::LoanedCommandInterface::[01;32m[Kset_value[m[K(const T&, unsigned int) [35m[K[with T = double][m[K[m[K’, declared with attribute ‘[01m[Knodiscard[m[K’ [[01;35m[K-Wunused-result[m[K]
  166 |       [01;35m[Kjoint_position_command_interface_[i].get().set_value(point_interp_.positions[i])[m[K;
      |       [01;35m[K~~~~~~~~~~~~~~~~~~~~~~~~~~~~~~~~~~~~~~~~~~~~~~~~~~~~^~~~~~~~~~~~~~~~~~~~~~~~~~~~[m[K
In file included from [01m[K/opt/ros/jazzy/include/controller_interface/controller_interface/controller_interface_base.hpp:27[m[K,
                 from [01m[K/opt/ros/jazzy/include/controller_interface/controller_interface/controller_interface.hpp:21[m[K,
                 from [01m[K/root/ros2_control_bug_example/external/kr_ros2/kr_robot_driver/controller/include/kr_robot_driver/kr810_controller.hpp:32[m[K:
[01m[K/opt/ros/jazzy/include/hardware_interface/hardware_interface/loaned_command_interface.hpp:113:22:[m[K [01;36m[Knote: [m[Kdeclared here
  113 |   [[nodiscard]] bool [01;36m[Kset_value[m[K(const T & value, unsigned int max_tries = 10)
      |                      [01;36m[K^~~~~~~~~[m[K
[01m[K/root/ros2_control_bug_example/external/kr_ros2/kr_robot_driver/controller/kr810_controller.cpp:170:59:[m[K [01;35m[Kwarning: [m[Kignoring return value of ‘[01m[Kbool hardware_interface::LoanedCommandInterface::[01;32m[Kset_value[m[K(const T&, unsigned int) [35m[K[with T = double][m[K[m[K’, declared with attribute ‘[01m[Knodiscard[m[K’ [[01;35m[K-Wunused-result[m[K]
  170 |       [01;35m[Kjoint_velocity_command_interface_[i].get().set_value(point_interp_.velocities[i])[m[K;
      |       [01;35m[K~~~~~~~~~~~~~~~~~~~~~~~~~~~~~~~~~~~~~~~~~~~~~~~~~~~~^~~~~~~~~~~~~~~~~~~~~~~~~~~~~[m[K
[01m[K/opt/ros/jazzy/include/hardware_interface/hardware_interface/loaned_command_interface.hpp:113:22:[m[K [01;36m[Knote: [m[Kdeclared here
  113 |   [[nodiscard]] bool [01;36m[Kset_value[m[K(const T & value, unsigned int max_tries = 10)
      |                      [01;36m[K^~~~~~~~~[m[K
[ 80%] [32m[1mLinking CXX executable send_trajectory[0m
[ 80%] Built target send_trajectory
[100%] [32m[1mLinking CXX shared library libkr_robot_driver.so[0m
[100%] Built target kr_robot_driver
-- Install configuration: ""
-- Installing: /root/ros2_control_bug_example/install/kr_robot_driver/share/kr_robot_driver/kr_robot_driver.xml
-- Up-to-date: /root/ros2_control_bug_example/install/kr_robot_driver/share/kr_robot_driver/kr_robot_driver.xml
-- Installing: /root/ros2_control_bug_example/install/kr_robot_driver/include/kr_robot_driver
-- Installing: /root/ros2_control_bug_example/install/kr_robot_driver/include/kr_robot_driver/kr_robot_driver
-- Installing: /root/ros2_control_bug_example/install/kr_robot_driver/include/kr_robot_driver/kr_robot_driver/kr810_hardware.hpp
-- Installing: /root/ros2_control_bug_example/install/kr_robot_driver/share/kr_robot_driver/launch
-- Installing: /root/ros2_control_bug_example/install/kr_robot_driver/share/kr_robot_driver/launch/view_kr810.launch.py
-- Installing: /root/ros2_control_bug_example/install/kr_robot_driver/share/kr_robot_driver/ros2_control
-- Installing: /root/ros2_control_bug_example/install/kr_robot_driver/share/kr_robot_driver/ros2_control/kr810.ros2_control.xacro
-- Installing: /root/ros2_control_bug_example/install/kr_robot_driver/share/kr_robot_driver/urdf
-- Installing: /root/ros2_control_bug_example/install/kr_robot_driver/share/kr_robot_driver/urdf/kr810.urdf.xacro
-- Up-to-date: /root/ros2_control_bug_example/install/kr_robot_driver/share/kr_robot_driver/launch
-- Installing: /root/ros2_control_bug_example/install/kr_robot_driver/share/kr_robot_driver/launch/send_trajectory.launch.py
-- Installing: /root/ros2_control_bug_example/install/kr_robot_driver/share/kr_robot_driver/launch/kr810_send_trajectory.launch.py
-- Installing: /root/ros2_control_bug_example/install/kr_robot_driver/share/kr_robot_driver/launch/kr810_controller.launch.py
-- Installing: /root/ros2_control_bug_example/install/kr_robot_driver/share/kr_robot_driver/launch/r6bot_controller.launch.py
-- Installing: /root/ros2_control_bug_example/install/kr_robot_driver/share/kr_robot_driver/config
-- Installing: /root/ros2_control_bug_example/install/kr_robot_driver/share/kr_robot_driver/config/r6bot_controller.yaml
-- Installing: /root/ros2_control_bug_example/install/kr_robot_driver/share/kr_robot_driver/config/kr810_controller.yaml
-- Installing: /root/ros2_control_bug_example/install/kr_robot_driver/lib/kr_robot_driver/send_trajectory
-- Set non-toolchain portion of runtime path of "/root/ros2_control_bug_example/install/kr_robot_driver/lib/kr_robot_driver/send_trajectory" to ""
-- Installing: /root/ros2_control_bug_example/install/kr_robot_driver/lib/libkr_robot_driver.so
-- Set non-toolchain portion of runtime path of "/root/ros2_control_bug_example/install/kr_robot_driver/lib/libkr_robot_driver.so" to ""
-- Installing: /root/ros2_control_bug_example/install/kr_robot_driver/share/kr_robot_driver/environment/library_path.sh
-- Installing: /root/ros2_control_bug_example/install/kr_robot_driver/share/kr_robot_driver/environment/library_path.dsv
-- Installing: /root/ros2_control_bug_example/install/kr_robot_driver/share/ament_index/resource_index/package_run_dependencies/kr_robot_driver
-- Installing: /root/ros2_control_bug_example/install/kr_robot_driver/share/ament_index/resource_index/parent_prefix_path/kr_robot_driver
-- Installing: /root/ros2_control_bug_example/install/kr_robot_driver/share/kr_robot_driver/environment/ament_prefix_path.sh
-- Installing: /root/ros2_control_bug_example/install/kr_robot_driver/share/kr_robot_driver/environment/ament_prefix_path.dsv
-- Installing: /root/ros2_control_bug_example/install/kr_robot_driver/share/kr_robot_driver/environment/path.sh
-- Installing: /root/ros2_control_bug_example/install/kr_robot_driver/share/kr_robot_driver/environment/path.dsv
-- Installing: /root/ros2_control_bug_example/install/kr_robot_driver/share/kr_robot_driver/local_setup.bash
-- Installing: /root/ros2_control_bug_example/install/kr_robot_driver/share/kr_robot_driver/local_setup.sh
-- Installing: /root/ros2_control_bug_example/install/kr_robot_driver/share/kr_robot_driver/local_setup.zsh
-- Installing: /root/ros2_control_bug_example/install/kr_robot_driver/share/kr_robot_driver/local_setup.dsv
-- Installing: /root/ros2_control_bug_example/install/kr_robot_driver/share/kr_robot_driver/package.dsv
-- Installing: /root/ros2_control_bug_example/install/kr_robot_driver/share/ament_index/resource_index/packages/kr_robot_driver
-- Installing: /root/ros2_control_bug_example/install/kr_robot_driver/share/ament_index/resource_index/hardware_interface__pluginlib__plugin/kr_robot_driver
-- Installing: /root/ros2_control_bug_example/install/kr_robot_driver/share/ament_index/resource_index/controller_interface__pluginlib__plugin/kr_robot_driver
-- Installing: /root/ros2_control_bug_example/install/kr_robot_driver/share/kr_robot_driver/cmake/export_kr_robot_driverExport.cmake
-- Installing: /root/ros2_control_bug_example/install/kr_robot_driver/share/kr_robot_driver/cmake/export_kr_robot_driverExport-noconfig.cmake
-- Installing: /root/ros2_control_bug_example/install/kr_robot_driver/share/kr_robot_driver/cmake/ament_cmake_export_targets-extras.cmake
-- Installing: /root/ros2_control_bug_example/install/kr_robot_driver/share/kr_robot_driver/cmake/ament_cmake_export_dependencies-extras.cmake
-- Installing: /root/ros2_control_bug_example/install/kr_robot_driver/share/kr_robot_driver/cmake/kr_robot_driverConfig.cmake
-- Installing: /root/ros2_control_bug_example/install/kr_robot_driver/share/kr_robot_driver/cmake/kr_robot_driverConfig-version.cmake
-- Installing: /root/ros2_control_bug_example/install/kr_robot_driver/share/kr_robot_driver/package.xml
