[0.007s] Invoking command in '/root/ros2_control_bug_example/build/kr_robot_driver': AMENT_PREFIX_PATH=/root/ros2_control_bug_example/install/kr_robot_description:${AMENT_PREFIX_PATH} CMAKE_PREFIX_PATH=/root/ros2_control_bug_example/install/kr_robot_description:/opt/ros/jazzy/opt/gz_sim_vendor:/opt/ros/jazzy/opt/gz_sensors_vendor:/opt/ros/jazzy/opt/gz_physics_vendor:/opt/ros/jazzy/opt/sdformat_vendor:/opt/ros/jazzy/opt/gz_gui_vendor:/opt/ros/jazzy/opt/gz_transport_vendor:/opt/ros/jazzy/opt/gz_rendering_vendor:/opt/ros/jazzy/opt/gz_plugin_vendor:/opt/ros/jazzy/opt/gz_fuel_tools_vendor:/opt/ros/jazzy/opt/gz_msgs_vendor:/opt/ros/jazzy/opt/gz_common_vendor:/opt/ros/jazzy/opt/gz_math_vendor:/opt/ros/jazzy/opt/gz_utils_vendor:/opt/ros/jazzy/opt/gz_tools_vendor:/opt/ros/jazzy/opt/gz_ogre_next_vendor:/opt/ros/jazzy/opt/gz_dartsim_vendor:/opt/ros/jazzy/opt/gz_cmake_vendor:/opt/ros/jazzy /usr/bin/cmake /root/ros2_control_bug_example/external/kr_ros2/kr_robot_driver -DCMAKE_INSTALL_PREFIX=/root/ros2_control_bug_example/install/kr_robot_driver
[0.070s] -- The CXX compiler identification is GNU 13.3.0
[0.098s] -- Detecting CXX compiler ABI info
[0.232s] -- Detecting CXX compiler ABI info - done
[0.242s] -- Check for working CXX compiler: /usr/bin/c++ - skipped
[0.242s] -- Detecting CXX compile features
[0.243s] -- Detecting CXX compile features - done
[0.248s] -- Found controller_manager: 4.35.0 (/opt/ros/jazzy/share/controller_manager/cmake)
[0.431s] -- Found Python3: /usr/bin/python3 (found version "3.12.3") found components: Interpreter 
[0.647s] -- Found rosidl_generator_c: 4.6.6 (/opt/ros/jazzy/share/rosidl_generator_c/cmake)
[0.671s] -- Found rosidl_generator_cpp: 4.6.6 (/opt/ros/jazzy/share/rosidl_generator_cpp/cmake)
[0.696s] -- Using all available rosidl_typesupport_c: rosidl_typesupport_fastrtps_c;rosidl_typesupport_introspection_c
[0.723s] -- Using all available rosidl_typesupport_cpp: rosidl_typesupport_fastrtps_cpp;rosidl_typesupport_introspection_cpp
[0.838s] -- Found rmw_implementation_cmake: 7.3.2 (/opt/ros/jazzy/share/rmw_implementation_cmake/cmake)
[0.842s] -- Found rmw_fastrtps_cpp: 8.4.3 (/opt/ros/jazzy/share/rmw_fastrtps_cpp/cmake)
[0.971s] -- Found OpenSSL: /usr/lib/x86_64-linux-gnu/libcrypto.so (found version "3.0.13")  
[0.996s] -- Found FastRTPS: /opt/ros/jazzy/include (Required is at least version "2.13") 
[1.028s] -- Using RMW implementation 'rmw_fastrtps_cpp' as default
[1.678s] -- Found kdl_parser: 2.11.0 (/opt/ros/jazzy/share/kdl_parser/cmake)
[1.686s] -- Found eigen3_cmake_module: 0.3.0 (/opt/ros/jazzy/share/eigen3_cmake_module/cmake)
[1.686s] -- Found Eigen3: TRUE (found version "3.4.0") 
[1.687s] -- Ensuring Eigen3 include directory is part of orocos-kdl CMake target
[1.691s] -- Found ament_cmake_pytest: 2.5.4 (/opt/ros/jazzy/share/ament_cmake_pytest/cmake)
[2.380s] -- Configuring done (2.4s)
[2.397s] -- Generating done (0.0s)
[2.401s] -- Build files have been written to: /root/ros2_control_bug_example/build/kr_robot_driver
[2.408s] Invoked command in '/root/ros2_control_bug_example/build/kr_robot_driver' returned '0': AMENT_PREFIX_PATH=/root/ros2_control_bug_example/install/kr_robot_description:${AMENT_PREFIX_PATH} CMAKE_PREFIX_PATH=/root/ros2_control_bug_example/install/kr_robot_description:/opt/ros/jazzy/opt/gz_sim_vendor:/opt/ros/jazzy/opt/gz_sensors_vendor:/opt/ros/jazzy/opt/gz_physics_vendor:/opt/ros/jazzy/opt/sdformat_vendor:/opt/ros/jazzy/opt/gz_gui_vendor:/opt/ros/jazzy/opt/gz_transport_vendor:/opt/ros/jazzy/opt/gz_rendering_vendor:/opt/ros/jazzy/opt/gz_plugin_vendor:/opt/ros/jazzy/opt/gz_fuel_tools_vendor:/opt/ros/jazzy/opt/gz_msgs_vendor:/opt/ros/jazzy/opt/gz_common_vendor:/opt/ros/jazzy/opt/gz_math_vendor:/opt/ros/jazzy/opt/gz_utils_vendor:/opt/ros/jazzy/opt/gz_tools_vendor:/opt/ros/jazzy/opt/gz_ogre_next_vendor:/opt/ros/jazzy/opt/gz_dartsim_vendor:/opt/ros/jazzy/opt/gz_cmake_vendor:/opt/ros/jazzy /usr/bin/cmake /root/ros2_control_bug_example/external/kr_ros2/kr_robot_driver -DCMAKE_INSTALL_PREFIX=/root/ros2_control_bug_example/install/kr_robot_driver
[2.409s] Invoking command in '/root/ros2_control_bug_example/build/kr_robot_driver': AMENT_PREFIX_PATH=/root/ros2_control_bug_example/install/kr_robot_description:${AMENT_PREFIX_PATH} CMAKE_PREFIX_PATH=/root/ros2_control_bug_example/install/kr_robot_description:/opt/ros/jazzy/opt/gz_sim_vendor:/opt/ros/jazzy/opt/gz_sensors_vendor:/opt/ros/jazzy/opt/gz_physics_vendor:/opt/ros/jazzy/opt/sdformat_vendor:/opt/ros/jazzy/opt/gz_gui_vendor:/opt/ros/jazzy/opt/gz_transport_vendor:/opt/ros/jazzy/opt/gz_rendering_vendor:/opt/ros/jazzy/opt/gz_plugin_vendor:/opt/ros/jazzy/opt/gz_fuel_tools_vendor:/opt/ros/jazzy/opt/gz_msgs_vendor:/opt/ros/jazzy/opt/gz_common_vendor:/opt/ros/jazzy/opt/gz_math_vendor:/opt/ros/jazzy/opt/gz_utils_vendor:/opt/ros/jazzy/opt/gz_tools_vendor:/opt/ros/jazzy/opt/gz_ogre_next_vendor:/opt/ros/jazzy/opt/gz_dartsim_vendor:/opt/ros/jazzy/opt/gz_cmake_vendor:/opt/ros/jazzy /usr/bin/cmake --build /root/ros2_control_bug_example/build/kr_robot_driver -- -j32 -l32
[2.476s] [ 20%] [32mBuilding CXX object CMakeFiles/send_trajectory.dir/reference_generator/send_trajectory.cpp.o[0m
[2.477s] [ 40%] [32mBuilding CXX object CMakeFiles/kr_robot_driver.dir/controller/kr810_controller.cpp.o[0m
[2.478s] [ 60%] [32mBuilding CXX object CMakeFiles/kr_robot_driver.dir/hardware/kr810_hardware.cpp.o[0m
[2.754s] In file included from [01m[K/root/ros2_control_bug_example/external/kr_ros2/kr_robot_driver/controller/include/kr_robot_driver/kr810_controller.hpp:40[m[K,
[2.755s]                  from [01m[K/root/ros2_control_bug_example/external/kr_ros2/kr_robot_driver/controller/kr810_controller.cpp:15[m[K:
[2.755s] [01m[K/opt/ros/jazzy/include/realtime_tools/realtime_tools/realtime_buffer.h:25:2:[m[K [01;35m[Kwarning: [m[K#warning "This header include is deprecated. Please update your code to use 'realtime_buffer.hpp' header." [[01;35m[K-Wcpp[m[K]
[2.755s]    25 | #[01;35m[Kwarning[m[K \
[2.755s]       |  [01;35m[K^~~~~~~[m[K
[4.574s] [01m[K/root/ros2_control_bug_example/external/kr_ros2/kr_robot_driver/hardware/kr810_hardware.cpp:[m[K In member function ‘[01m[Kvirtual kr_robot_driver::CallbackReturn kr_robot_driver::RobotSystem::[01;32m[Kon_init[m[K(const hardware_interface::HardwareInfo&)[m[K’:
[4.575s] [01m[K/root/ros2_control_bug_example/external/kr_ros2/kr_robot_driver/hardware/kr810_hardware.cpp:23:51:[m[K [01;35m[Kwarning: [m[K‘[01m[Kvirtual rclcpp_lifecycle::node_interfaces::LifecycleNodeInterface::CallbackReturn hardware_interface::SystemInterface::[01;32m[Kon_init[m[K(const hardware_interface::HardwareInfo&)[m[K’ is deprecated: Use on_init(const HardwareComponentInterfaceParams & params) instead. [[01;35m[K-Wdeprecated-declarations[m[K]
[4.575s]    23 |   if ([01;35m[Khardware_interface::SystemInterface::on_init(info)[m[K != CallbackReturn::SUCCESS)
[4.575s]       |       [01;35m[K~~~~~~~~~~~~~~~~~~~~~~~~~~~~~~~~~~~~~~~~~~~~^~~~~~[m[K
[4.575s] In file included from [01m[K/root/ros2_control_bug_example/external/kr_ros2/kr_robot_driver/hardware/include/kr_robot_driver/kr810_hardware.hpp:24[m[K,
[4.575s]                  from [01m[K/root/ros2_control_bug_example/external/kr_ros2/kr_robot_driver/hardware/kr810_hardware.cpp:15[m[K:
[4.575s] [01m[K/opt/ros/jazzy/include/hardware_interface/hardware_interface/system_interface.hpp:243:26:[m[K [01;36m[Knote: [m[Kdeclared here
[4.575s]   243 |   virtual CallbackReturn [01;36m[Kon_init[m[K(const HardwareInfo & hardware_info)
[4.575s]       |                          [01;36m[K^~~~~~~[m[K
[4.728s] [01m[K/root/ros2_control_bug_example/external/kr_ros2/kr_robot_driver/controller/kr810_controller.cpp:[m[K In member function ‘[01m[Kvirtual controller_interface::return_type kr_robot_driver::RobotController::[01;32m[Kupdate[m[K(const rclcpp::Time&, const rclcpp::Duration&)[m[K’:
[4.728s] [01m[K/root/ros2_control_bug_example/external/kr_ros2/kr_robot_driver/controller/kr810_controller.cpp:166:59:[m[K [01;35m[Kwarning: [m[Kignoring return value of ‘[01m[Kbool hardware_interface::LoanedCommandInterface::[01;32m[Kset_value[m[K(const T&, unsigned int) [35m[K[with T = double][m[K[m[K’, declared with attribute ‘[01m[Knodiscard[m[K’ [[01;35m[K-Wunused-result[m[K]
[4.728s]   166 |       [01;35m[Kjoint_position_command_interface_[i].get().set_value(point_interp_.positions[i])[m[K;
[4.728s]       |       [01;35m[K~~~~~~~~~~~~~~~~~~~~~~~~~~~~~~~~~~~~~~~~~~~~~~~~~~~~^~~~~~~~~~~~~~~~~~~~~~~~~~~~[m[K
[4.728s] In file included from [01m[K/opt/ros/jazzy/include/controller_interface/controller_interface/controller_interface_base.hpp:27[m[K,
[4.729s]                  from [01m[K/opt/ros/jazzy/include/controller_interface/controller_interface/controller_interface.hpp:21[m[K,
[4.729s]                  from [01m[K/root/ros2_control_bug_example/external/kr_ros2/kr_robot_driver/controller/include/kr_robot_driver/kr810_controller.hpp:32[m[K:
[4.729s] [01m[K/opt/ros/jazzy/include/hardware_interface/hardware_interface/loaned_command_interface.hpp:113:22:[m[K [01;36m[Knote: [m[Kdeclared here
[4.729s]   113 |   [[nodiscard]] bool [01;36m[Kset_value[m[K(const T & value, unsigned int max_tries = 10)
[4.729s]       |                      [01;36m[K^~~~~~~~~[m[K
[4.729s] [01m[K/root/ros2_control_bug_example/external/kr_ros2/kr_robot_driver/controller/kr810_controller.cpp:170:59:[m[K [01;35m[Kwarning: [m[Kignoring return value of ‘[01m[Kbool hardware_interface::LoanedCommandInterface::[01;32m[Kset_value[m[K(const T&, unsigned int) [35m[K[with T = double][m[K[m[K’, declared with attribute ‘[01m[Knodiscard[m[K’ [[01;35m[K-Wunused-result[m[K]
[4.729s]   170 |       [01;35m[Kjoint_velocity_command_interface_[i].get().set_value(point_interp_.velocities[i])[m[K;
[4.729s]       |       [01;35m[K~~~~~~~~~~~~~~~~~~~~~~~~~~~~~~~~~~~~~~~~~~~~~~~~~~~~^~~~~~~~~~~~~~~~~~~~~~~~~~~~~[m[K
[4.730s] [01m[K/opt/ros/jazzy/include/hardware_interface/hardware_interface/loaned_command_interface.hpp:113:22:[m[K [01;36m[Knote: [m[Kdeclared here
[4.730s]   113 |   [[nodiscard]] bool [01;36m[Kset_value[m[K(const T & value, unsigned int max_tries = 10)
[4.730s]       |                      [01;36m[K^~~~~~~~~[m[K
[6.569s] [ 80%] [32m[1mLinking CXX executable send_trajectory[0m
[6.704s] [ 80%] Built target send_trajectory
[8.483s] [100%] [32m[1mLinking CXX shared library libkr_robot_driver.so[0m
[8.744s] [100%] Built target kr_robot_driver
[8.757s] Invoked command in '/root/ros2_control_bug_example/build/kr_robot_driver' returned '0': AMENT_PREFIX_PATH=/root/ros2_control_bug_example/install/kr_robot_description:${AMENT_PREFIX_PATH} CMAKE_PREFIX_PATH=/root/ros2_control_bug_example/install/kr_robot_description:/opt/ros/jazzy/opt/gz_sim_vendor:/opt/ros/jazzy/opt/gz_sensors_vendor:/opt/ros/jazzy/opt/gz_physics_vendor:/opt/ros/jazzy/opt/sdformat_vendor:/opt/ros/jazzy/opt/gz_gui_vendor:/opt/ros/jazzy/opt/gz_transport_vendor:/opt/ros/jazzy/opt/gz_rendering_vendor:/opt/ros/jazzy/opt/gz_plugin_vendor:/opt/ros/jazzy/opt/gz_fuel_tools_vendor:/opt/ros/jazzy/opt/gz_msgs_vendor:/opt/ros/jazzy/opt/gz_common_vendor:/opt/ros/jazzy/opt/gz_math_vendor:/opt/ros/jazzy/opt/gz_utils_vendor:/opt/ros/jazzy/opt/gz_tools_vendor:/opt/ros/jazzy/opt/gz_ogre_next_vendor:/opt/ros/jazzy/opt/gz_dartsim_vendor:/opt/ros/jazzy/opt/gz_cmake_vendor:/opt/ros/jazzy /usr/bin/cmake --build /root/ros2_control_bug_example/build/kr_robot_driver -- -j32 -l32
[8.758s] Invoking command in '/root/ros2_control_bug_example/build/kr_robot_driver': AMENT_PREFIX_PATH=/root/ros2_control_bug_example/install/kr_robot_description:${AMENT_PREFIX_PATH} CMAKE_PREFIX_PATH=/root/ros2_control_bug_example/install/kr_robot_description:/opt/ros/jazzy/opt/gz_sim_vendor:/opt/ros/jazzy/opt/gz_sensors_vendor:/opt/ros/jazzy/opt/gz_physics_vendor:/opt/ros/jazzy/opt/sdformat_vendor:/opt/ros/jazzy/opt/gz_gui_vendor:/opt/ros/jazzy/opt/gz_transport_vendor:/opt/ros/jazzy/opt/gz_rendering_vendor:/opt/ros/jazzy/opt/gz_plugin_vendor:/opt/ros/jazzy/opt/gz_fuel_tools_vendor:/opt/ros/jazzy/opt/gz_msgs_vendor:/opt/ros/jazzy/opt/gz_common_vendor:/opt/ros/jazzy/opt/gz_math_vendor:/opt/ros/jazzy/opt/gz_utils_vendor:/opt/ros/jazzy/opt/gz_tools_vendor:/opt/ros/jazzy/opt/gz_ogre_next_vendor:/opt/ros/jazzy/opt/gz_dartsim_vendor:/opt/ros/jazzy/opt/gz_cmake_vendor:/opt/ros/jazzy /usr/bin/cmake --install /root/ros2_control_bug_example/build/kr_robot_driver
[8.769s] -- Install configuration: ""
[8.769s] -- Installing: /root/ros2_control_bug_example/install/kr_robot_driver/share/kr_robot_driver/kr_robot_driver.xml
[8.769s] -- Up-to-date: /root/ros2_control_bug_example/install/kr_robot_driver/share/kr_robot_driver/kr_robot_driver.xml
[8.769s] -- Installing: /root/ros2_control_bug_example/install/kr_robot_driver/include/kr_robot_driver
[8.769s] -- Installing: /root/ros2_control_bug_example/install/kr_robot_driver/include/kr_robot_driver/kr_robot_driver
[8.769s] -- Installing: /root/ros2_control_bug_example/install/kr_robot_driver/include/kr_robot_driver/kr_robot_driver/kr810_hardware.hpp
[8.769s] -- Installing: /root/ros2_control_bug_example/install/kr_robot_driver/share/kr_robot_driver/launch
[8.769s] -- Installing: /root/ros2_control_bug_example/install/kr_robot_driver/share/kr_robot_driver/launch/view_kr810.launch.py
[8.769s] -- Installing: /root/ros2_control_bug_example/install/kr_robot_driver/share/kr_robot_driver/ros2_control
[8.769s] -- Installing: /root/ros2_control_bug_example/install/kr_robot_driver/share/kr_robot_driver/ros2_control/kr810.ros2_control.xacro
[8.769s] -- Installing: /root/ros2_control_bug_example/install/kr_robot_driver/share/kr_robot_driver/urdf
[8.769s] -- Installing: /root/ros2_control_bug_example/install/kr_robot_driver/share/kr_robot_driver/urdf/kr810.urdf.xacro
[8.769s] -- Up-to-date: /root/ros2_control_bug_example/install/kr_robot_driver/share/kr_robot_driver/launch
[8.769s] -- Installing: /root/ros2_control_bug_example/install/kr_robot_driver/share/kr_robot_driver/launch/send_trajectory.launch.py
[8.770s] -- Installing: /root/ros2_control_bug_example/install/kr_robot_driver/share/kr_robot_driver/launch/kr810_send_trajectory.launch.py
[8.770s] -- Installing: /root/ros2_control_bug_example/install/kr_robot_driver/share/kr_robot_driver/launch/kr810_controller.launch.py
[8.770s] -- Installing: /root/ros2_control_bug_example/install/kr_robot_driver/share/kr_robot_driver/launch/r6bot_controller.launch.py
[8.770s] -- Installing: /root/ros2_control_bug_example/install/kr_robot_driver/share/kr_robot_driver/config
[8.770s] -- Installing: /root/ros2_control_bug_example/install/kr_robot_driver/share/kr_robot_driver/config/r6bot_controller.yaml
[8.770s] -- Installing: /root/ros2_control_bug_example/install/kr_robot_driver/share/kr_robot_driver/config/kr810_controller.yaml
[8.770s] -- Installing: /root/ros2_control_bug_example/install/kr_robot_driver/lib/kr_robot_driver/send_trajectory
[8.771s] -- Set non-toolchain portion of runtime path of "/root/ros2_control_bug_example/install/kr_robot_driver/lib/kr_robot_driver/send_trajectory" to ""
[8.771s] -- Installing: /root/ros2_control_bug_example/install/kr_robot_driver/lib/libkr_robot_driver.so
[8.777s] -- Set non-toolchain portion of runtime path of "/root/ros2_control_bug_example/install/kr_robot_driver/lib/libkr_robot_driver.so" to ""
[8.777s] -- Installing: /root/ros2_control_bug_example/install/kr_robot_driver/share/kr_robot_driver/environment/library_path.sh
[8.777s] -- Installing: /root/ros2_control_bug_example/install/kr_robot_driver/share/kr_robot_driver/environment/library_path.dsv
[8.777s] -- Installing: /root/ros2_control_bug_example/install/kr_robot_driver/share/ament_index/resource_index/package_run_dependencies/kr_robot_driver
[8.777s] -- Installing: /root/ros2_control_bug_example/install/kr_robot_driver/share/ament_index/resource_index/parent_prefix_path/kr_robot_driver
[8.777s] -- Installing: /root/ros2_control_bug_example/install/kr_robot_driver/share/kr_robot_driver/environment/ament_prefix_path.sh
[8.777s] -- Installing: /root/ros2_control_bug_example/install/kr_robot_driver/share/kr_robot_driver/environment/ament_prefix_path.dsv
[8.777s] -- Installing: /root/ros2_control_bug_example/install/kr_robot_driver/share/kr_robot_driver/environment/path.sh
[8.777s] -- Installing: /root/ros2_control_bug_example/install/kr_robot_driver/share/kr_robot_driver/environment/path.dsv
[8.777s] -- Installing: /root/ros2_control_bug_example/install/kr_robot_driver/share/kr_robot_driver/local_setup.bash
[8.777s] -- Installing: /root/ros2_control_bug_example/install/kr_robot_driver/share/kr_robot_driver/local_setup.sh
[8.777s] -- Installing: /root/ros2_control_bug_example/install/kr_robot_driver/share/kr_robot_driver/local_setup.zsh
[8.778s] -- Installing: /root/ros2_control_bug_example/install/kr_robot_driver/share/kr_robot_driver/local_setup.dsv
[8.778s] -- Installing: /root/ros2_control_bug_example/install/kr_robot_driver/share/kr_robot_driver/package.dsv
[8.778s] -- Installing: /root/ros2_control_bug_example/install/kr_robot_driver/share/ament_index/resource_index/packages/kr_robot_driver
[8.778s] -- Installing: /root/ros2_control_bug_example/install/kr_robot_driver/share/ament_index/resource_index/hardware_interface__pluginlib__plugin/kr_robot_driver
[8.778s] -- Installing: /root/ros2_control_bug_example/install/kr_robot_driver/share/ament_index/resource_index/controller_interface__pluginlib__plugin/kr_robot_driver
[8.778s] -- Installing: /root/ros2_control_bug_example/install/kr_robot_driver/share/kr_robot_driver/cmake/export_kr_robot_driverExport.cmake
[8.778s] -- Installing: /root/ros2_control_bug_example/install/kr_robot_driver/share/kr_robot_driver/cmake/export_kr_robot_driverExport-noconfig.cmake
[8.778s] -- Installing: /root/ros2_control_bug_example/install/kr_robot_driver/share/kr_robot_driver/cmake/ament_cmake_export_targets-extras.cmake
[8.778s] -- Installing: /root/ros2_control_bug_example/install/kr_robot_driver/share/kr_robot_driver/cmake/ament_cmake_export_dependencies-extras.cmake
[8.778s] -- Installing: /root/ros2_control_bug_example/install/kr_robot_driver/share/kr_robot_driver/cmake/kr_robot_driverConfig.cmake
[8.778s] -- Installing: /root/ros2_control_bug_example/install/kr_robot_driver/share/kr_robot_driver/cmake/kr_robot_driverConfig-version.cmake
[8.779s] -- Installing: /root/ros2_control_bug_example/install/kr_robot_driver/share/kr_robot_driver/package.xml
[8.780s] Invoked command in '/root/ros2_control_bug_example/build/kr_robot_driver' returned '0': AMENT_PREFIX_PATH=/root/ros2_control_bug_example/install/kr_robot_description:${AMENT_PREFIX_PATH} CMAKE_PREFIX_PATH=/root/ros2_control_bug_example/install/kr_robot_description:/opt/ros/jazzy/opt/gz_sim_vendor:/opt/ros/jazzy/opt/gz_sensors_vendor:/opt/ros/jazzy/opt/gz_physics_vendor:/opt/ros/jazzy/opt/sdformat_vendor:/opt/ros/jazzy/opt/gz_gui_vendor:/opt/ros/jazzy/opt/gz_transport_vendor:/opt/ros/jazzy/opt/gz_rendering_vendor:/opt/ros/jazzy/opt/gz_plugin_vendor:/opt/ros/jazzy/opt/gz_fuel_tools_vendor:/opt/ros/jazzy/opt/gz_msgs_vendor:/opt/ros/jazzy/opt/gz_common_vendor:/opt/ros/jazzy/opt/gz_math_vendor:/opt/ros/jazzy/opt/gz_utils_vendor:/opt/ros/jazzy/opt/gz_tools_vendor:/opt/ros/jazzy/opt/gz_ogre_next_vendor:/opt/ros/jazzy/opt/gz_dartsim_vendor:/opt/ros/jazzy/opt/gz_cmake_vendor:/opt/ros/jazzy /usr/bin/cmake --install /root/ros2_control_bug_example/build/kr_robot_driver
