[0.007s] Invoking command in '/root/ros2_control_bug_example/build/example_pkg': CMAKE_PREFIX_PATH=${CMAKE_PREFIX_PATH}:/opt/ros/jazzy /usr/bin/cmake /root/ros2_control_bug_example/src/example_pkg -DCMAKE_INSTALL_PREFIX=/root/ros2_control_bug_example/install/example_pkg
[0.069s] -- The C compiler identification is GNU 13.3.0
[0.123s] -- The CXX compiler identification is GNU 13.3.0
[0.145s] -- Detecting C compiler ABI info
[0.257s] -- Detecting C compiler ABI info - done
[0.271s] -- Check for working C compiler: /usr/bin/cc - skipped
[0.271s] -- Detecting C compile features
[0.271s] -- Detecting C compile features - done
[0.285s] -- Detecting CXX compiler ABI info
[0.417s] -- Detecting CXX compiler ABI info - done
[0.430s] -- Check for working CXX compiler: /usr/bin/c++ - skipped
[0.430s] -- Detecting CXX compile features
[0.431s] -- Detecting CXX compile features - done
[0.438s] -- Found ament_cmake: 2.5.4 (/opt/ros/jazzy/share/ament_cmake/cmake)
[0.588s] -- Found Python3: /usr/bin/python3 (found version "3.12.3") found components: Interpreter 
[0.721s] -- Found ros_gz_sim: 1.0.16 (/opt/ros/jazzy/share/ros_gz_sim/cmake)
[0.767s] -- Found rosidl_generator_c: 4.6.6 (/opt/ros/jazzy/share/rosidl_generator_c/cmake)
[0.780s] -- Found rosidl_generator_cpp: 4.6.6 (/opt/ros/jazzy/share/rosidl_generator_cpp/cmake)
[0.796s] -- Using all available rosidl_typesupport_c: rosidl_typesupport_fastrtps_c;rosidl_typesupport_introspection_c
[0.814s] -- Using all available rosidl_typesupport_cpp: rosidl_typesupport_fastrtps_cpp;rosidl_typesupport_introspection_cpp
[0.888s] -- Found rmw_implementation_cmake: 7.3.2 (/opt/ros/jazzy/share/rmw_implementation_cmake/cmake)
[0.892s] -- Found rmw_fastrtps_cpp: 8.4.3 (/opt/ros/jazzy/share/rmw_fastrtps_cpp/cmake)
[1.013s] -- Found OpenSSL: /usr/lib/x86_64-linux-gnu/libcrypto.so (found version "3.0.13")  
[1.039s] -- Found FastRTPS: /opt/ros/jazzy/include (Required is at least version "2.13") 
[1.071s] -- Using RMW implementation 'rmw_fastrtps_cpp' as default
[1.392s] -- Found ament_lint_auto: 0.17.3 (/opt/ros/jazzy/share/ament_lint_auto/cmake)
[1.519s] -- Added test 'flake8' to check Python code syntax and style conventions
[1.519s] -- Configured 'flake8' exclude dirs and/or files: 
[1.520s] -- Added test 'lint_cmake' to check CMake code style
[1.521s] -- Added test 'pep257' to check Python code against some of the docstring style conventions in PEP 257
[1.523s] -- Added test 'xmllint' to check XML markup files
[1.525s] -- Configuring done (1.5s)
[1.531s] -- Generating done (0.0s)
[1.534s] -- Build files have been written to: /root/ros2_control_bug_example/build/example_pkg
[1.545s] Invoked command in '/root/ros2_control_bug_example/build/example_pkg' returned '0': CMAKE_PREFIX_PATH=${CMAKE_PREFIX_PATH}:/opt/ros/jazzy /usr/bin/cmake /root/ros2_control_bug_example/src/example_pkg -DCMAKE_INSTALL_PREFIX=/root/ros2_control_bug_example/install/example_pkg
[1.546s] Invoking command in '/root/ros2_control_bug_example/build/example_pkg': CMAKE_PREFIX_PATH=${CMAKE_PREFIX_PATH}:/opt/ros/jazzy /usr/bin/cmake --build /root/ros2_control_bug_example/build/example_pkg -- -j32 -l32
[1.600s] Invoked command in '/root/ros2_control_bug_example/build/example_pkg' returned '0': CMAKE_PREFIX_PATH=${CMAKE_PREFIX_PATH}:/opt/ros/jazzy /usr/bin/cmake --build /root/ros2_control_bug_example/build/example_pkg -- -j32 -l32
[1.602s] Invoking command in '/root/ros2_control_bug_example/build/example_pkg': CMAKE_PREFIX_PATH=${CMAKE_PREFIX_PATH}:/opt/ros/jazzy /usr/bin/cmake --install /root/ros2_control_bug_example/build/example_pkg
[1.613s] -- Install configuration: ""
[1.614s] -- Installing: /root/ros2_control_bug_example/install/example_pkg/share/example_pkg/launch
[1.614s] -- Installing: /root/ros2_control_bug_example/install/example_pkg/share/example_pkg/launch/sim.launch.py
[1.614s] -- Installing: /root/ros2_control_bug_example/install/example_pkg/share/example_pkg/launch/spawn_table.launch.py
[1.614s] -- Installing: /root/ros2_control_bug_example/install/example_pkg/share/example_pkg/launch/spawn_kr810.launch.py
[1.614s] -- Installing: /root/ros2_control_bug_example/install/example_pkg/share/example_pkg/launch/test.launch.py
[1.615s] -- Installing: /root/ros2_control_bug_example/install/example_pkg/share/example_pkg/launch/control_kr810.launch.py
[1.615s] -- Installing: /root/ros2_control_bug_example/install/example_pkg/share/example_pkg/models
[1.615s] -- Installing: /root/ros2_control_bug_example/install/example_pkg/share/example_pkg/models/table
[1.615s] -- Installing: /root/ros2_control_bug_example/install/example_pkg/share/example_pkg/models/table/model.config
[1.615s] -- Installing: /root/ros2_control_bug_example/install/example_pkg/share/example_pkg/models/table/Desk.png
[1.616s] -- Installing: /root/ros2_control_bug_example/install/example_pkg/share/example_pkg/models/table/model.sdf
[1.617s] -- Installing: /root/ros2_control_bug_example/install/example_pkg/share/example_pkg/models/table/materials
[1.617s] -- Installing: /root/ros2_control_bug_example/install/example_pkg/share/example_pkg/models/table/materials/textures
[1.617s] -- Installing: /root/ros2_control_bug_example/install/example_pkg/share/example_pkg/models/table/materials/textures/Desk_Albedo.png
[1.619s] -- Installing: /root/ros2_control_bug_example/install/example_pkg/share/example_pkg/models/table/materials/textures/Desk_Roughness.png
[1.619s] -- Installing: /root/ros2_control_bug_example/install/example_pkg/share/example_pkg/models/table/materials/textures/Desk_Normal.png
[1.620s] -- Installing: /root/ros2_control_bug_example/install/example_pkg/share/example_pkg/models/table/thumbnails
[1.620s] -- Installing: /root/ros2_control_bug_example/install/example_pkg/share/example_pkg/models/table/meshes
[1.621s] -- Installing: /root/ros2_control_bug_example/install/example_pkg/share/example_pkg/models/table/meshes/desk.dae
[1.622s] -- Installing: /root/ros2_control_bug_example/install/example_pkg/share/example_pkg/config
[1.622s] -- Installing: /root/ros2_control_bug_example/install/example_pkg/share/example_pkg/config/spawn_table.yaml
[1.623s] -- Installing: /root/ros2_control_bug_example/install/example_pkg/share/ament_index/resource_index/package_run_dependencies/example_pkg
[1.623s] -- Installing: /root/ros2_control_bug_example/install/example_pkg/share/ament_index/resource_index/parent_prefix_path/example_pkg
[1.623s] -- Installing: /root/ros2_control_bug_example/install/example_pkg/share/example_pkg/environment/ament_prefix_path.sh
[1.623s] -- Installing: /root/ros2_control_bug_example/install/example_pkg/share/example_pkg/environment/ament_prefix_path.dsv
[1.624s] -- Installing: /root/ros2_control_bug_example/install/example_pkg/share/example_pkg/environment/path.sh
[1.624s] -- Installing: /root/ros2_control_bug_example/install/example_pkg/share/example_pkg/environment/path.dsv
[1.624s] -- Installing: /root/ros2_control_bug_example/install/example_pkg/share/example_pkg/local_setup.bash
[1.624s] -- Installing: /root/ros2_control_bug_example/install/example_pkg/share/example_pkg/local_setup.sh
[1.625s] -- Installing: /root/ros2_control_bug_example/install/example_pkg/share/example_pkg/local_setup.zsh
[1.625s] -- Installing: /root/ros2_control_bug_example/install/example_pkg/share/example_pkg/local_setup.dsv
[1.625s] -- Installing: /root/ros2_control_bug_example/install/example_pkg/share/example_pkg/package.dsv
[1.625s] -- Installing: /root/ros2_control_bug_example/install/example_pkg/share/ament_index/resource_index/packages/example_pkg
[1.626s] -- Installing: /root/ros2_control_bug_example/install/example_pkg/share/example_pkg/cmake/example_pkgConfig.cmake
[1.626s] -- Installing: /root/ros2_control_bug_example/install/example_pkg/share/example_pkg/cmake/example_pkgConfig-version.cmake
[1.626s] -- Installing: /root/ros2_control_bug_example/install/example_pkg/share/example_pkg/package.xml
[1.628s] Invoked command in '/root/ros2_control_bug_example/build/example_pkg' returned '0': CMAKE_PREFIX_PATH=${CMAKE_PREFIX_PATH}:/opt/ros/jazzy /usr/bin/cmake --install /root/ros2_control_bug_example/build/example_pkg
